#
# There is insufficient memory for the Java Runtime Environment to continue.
# Native memory allocation (malloc) failed to allocate 1048576 bytes. Error detail: AllocateHeap
# Possible reasons:
#   The system is out of physical RAM or swap space
#   This process is running with CompressedOops enabled, and the Java Heap may be blocking the growth of the native heap
# Possible solutions:
#   Reduce memory load on the system
#   Increase physical memory or swap space
#   Check if swap backing store is full
#   Decrease Java heap size (-Xmx/-Xms)
#   Decrease number of Java threads
#   Decrease Java thread stack sizes (-Xss)
#   Set larger code cache with -XX:ReservedCodeCacheSize=
#   JVM is running with Unscaled Compressed Oops mode in which the Java heap is
#     placed in the first 4GB address space. The Java Heap base address is the
#     maximum limit for the native heap growth. Please use -XX:HeapBaseMinAddress
#     to set the Java Heap base and to place the Java Heap above 4GB virtual address.
# This output file may be truncated or incomplete.
#
#  Out of Memory Error (allocation.cpp:44), pid=16012, tid=7848
#
# JRE version: OpenJDK Runtime Environment Temurin-21.0.8+9 (21.0.8+9) (build 21.0.8+9-LTS)
# Java VM: OpenJDK 64-Bit Server VM Temurin-21.0.8+9 (21.0.8+9-LTS, mixed mode, sharing, tiered, compressed oops, compressed class ptrs, parallel gc, windows-amd64)
# No core dump will be written. Minidumps are not enabled by default on client versions of Windows
#

---------------  S U M M A R Y ------------

Command Line: --add-modules=ALL-SYSTEM --add-opens=java.base/java.util=ALL-UNNAMED --add-opens=java.base/java.lang=ALL-UNNAMED --add-opens=java.base/sun.nio.fs=ALL-UNNAMED -Declipse.application=org.eclipse.jdt.ls.core.id1 -Dosgi.bundles.defaultStartLevel=4 -Declipse.product=org.eclipse.jdt.ls.core.product -Djava.import.generatesMetadataFilesAtProjectRoot=false -DDetectVMInstallationsJob.disabled=true -Dfile.encoding=utf8 -XX:+UseParallelGC -XX:GCTimeRatio=4 -XX:AdaptiveSizePolicyWeight=90 -Dsun.zip.disableMemoryMapping=true -Xmx2G -Xms100m -Xlog:disable -javaagent:c:\Users\nitin\.vscode\extensions\redhat.java-1.47.0-win32-x64\lombok\lombok-1.18.39-4050.jar -XX:+HeapDumpOnOutOfMemoryError -XX:HeapDumpPath=c:\Users\nitin\AppData\Roaming\Code\User\workspaceStorage\a7ff0c23c26e00c27283d9f2705d0447\redhat.java -Daether.dependencyCollector.impl=bf c:\Users\nitin\.vscode\extensions\redhat.java-1.47.0-win32-x64\server\plugins\org.eclipse.equinox.launcher_1.7.100.v20251014-1222.jar -configuration c:\Users\nitin\AppData\Roaming\Code\User\globalStorage\redhat.java\1.47.0\config_win -data c:\Users\nitin\AppData\Roaming\Code\User\workspaceStorage\a7ff0c23c26e00c27283d9f2705d0447\redhat.java\jdt_ws --pipe=\\.\pipe\lsp-0af263d447a39ddc827a907916033541-sock

Host: AMD Ryzen 5 5600H with Radeon Graphics         , 12 cores, 7G,  Windows 11 , 64 bit Build 26100 (10.0.26100.7019)
Time: Mon Nov  3 10:25:48 2025 India Standard Time elapsed time: 6821.370093 seconds (0d 1h 53m 41s)

---------------  T H R E A D  ---------------

Current thread (0x0000015be9336970):  JavaThread "Attach Listener" daemon [_thread_in_vm, id=7848, stack(0x000000216d600000,0x000000216d700000) (1024K)]

Stack: [0x000000216d600000,0x000000216d700000]
Native frames: (J=compiled Java code, j=interpreted, Vv=VM code, C=native code)
V  [jvm.dll+0x6d2449]
V  [jvm.dll+0x8ae341]
V  [jvm.dll+0x8b08be]
V  [jvm.dll+0x8b0fa3]
V  [jvm.dll+0x280c96]
V  [jvm.dll+0xc0347]
V  [jvm.dll+0x6d2cf9]
V  [jvm.dll+0x131116]
V  [jvm.dll+0x3f2d16]
V  [jvm.dll+0x857e6b]
V  [jvm.dll+0x6d0b0d]
C  [ucrtbase.dll+0x37b0]
C  [KERNEL32.DLL+0x2e8d7]
C  [ntdll.dll+0x8c53c]


---------------  P R O C E S S  ---------------

Threads class SMR info:
_java_thread_list=0x0000015bf0ed1f60, length=39, elements={
0x0000015b8f99c930, 0x0000015b8f94e3b0, 0x0000015be93327b0, 0x0000015be9335d20,
0x0000015be9336970, 0x0000015be933aa30, 0x0000015be933d490, 0x0000015be9341c30,
0x0000015be9360c30, 0x0000015b8fa083e0, 0x0000015be967cf90, 0x0000015bee196e40,
0x0000015bee298a90, 0x0000015be97277f0, 0x0000015bee1766f0, 0x0000015bee5a2f80,
0x0000015bee312240, 0x0000015bee793110, 0x0000015bee792a80, 0x0000015bee7909b0,
0x0000015bee7923f0, 0x0000015bf171e450, 0x0000015bf1721f60, 0x0000015bf171fe90,
0x0000015bf1720520, 0x0000015bf171eae0, 0x0000015bf1720bb0, 0x0000015bf17218d0,
0x0000015bf171f800, 0x0000015bf1721240, 0x0000015bf17225f0, 0x0000015bf171f170,
0x0000015bf17239a0, 0x0000015bf17246c0, 0x0000015bf1722c80, 0x0000015bf1724d50,
0x0000015bf1724030, 0x0000015bf17253e0, 0x0000015bee6ce550
}

Java Threads: ( => current thread )
  0x0000015b8f99c930 JavaThread "main"                              [_thread_blocked, id=15288, stack(0x000000216cf00000,0x000000216d000000) (1024K)]
  0x0000015b8f94e3b0 JavaThread "Reference Handler"          daemon [_thread_blocked, id=21480, stack(0x000000216d300000,0x000000216d400000) (1024K)]
  0x0000015be93327b0 JavaThread "Finalizer"                  daemon [_thread_blocked, id=14496, stack(0x000000216d400000,0x000000216d500000) (1024K)]
  0x0000015be9335d20 JavaThread "Signal Dispatcher"          daemon [_thread_blocked, id=20596, stack(0x000000216d500000,0x000000216d600000) (1024K)]
=>0x0000015be9336970 JavaThread "Attach Listener"            daemon [_thread_in_vm, id=7848, stack(0x000000216d600000,0x000000216d700000) (1024K)]
  0x0000015be933aa30 JavaThread "Service Thread"             daemon [_thread_blocked, id=2488, stack(0x000000216d700000,0x000000216d800000) (1024K)]
  0x0000015be933d490 JavaThread "Monitor Deflation Thread"   daemon [_thread_blocked, id=16484, stack(0x000000216d800000,0x000000216d900000) (1024K)]
  0x0000015be9341c30 JavaThread "C2 CompilerThread0"         daemon [_thread_blocked, id=4180, stack(0x000000216d900000,0x000000216da00000) (1024K)]
  0x0000015be9360c30 JavaThread "C1 CompilerThread0"         daemon [_thread_blocked, id=9120, stack(0x000000216da00000,0x000000216db00000) (1024K)]
  0x0000015b8fa083e0 JavaThread "Common-Cleaner"             daemon [_thread_blocked, id=23324, stack(0x000000216db00000,0x000000216dc00000) (1024K)]
  0x0000015be967cf90 JavaThread "Notification Thread"        daemon [_thread_blocked, id=16740, stack(0x000000216dc00000,0x000000216dd00000) (1024K)]
  0x0000015bee196e40 JavaThread "Active Thread: Equinox Container: bbb79c7a-1cbb-43f1-acb9-67c5da5bdf64"        [_thread_blocked, id=22144, stack(0x000000216e400000,0x000000216e500000) (1024K)]
  0x0000015bee298a90 JavaThread "Refresh Thread: Equinox Container: bbb79c7a-1cbb-43f1-acb9-67c5da5bdf64" daemon [_thread_blocked, id=21720, stack(0x000000216dd00000,0x000000216de00000) (1024K)]
  0x0000015be97277f0 JavaThread "Framework Event Dispatcher: Equinox Container: bbb79c7a-1cbb-43f1-acb9-67c5da5bdf64" daemon [_thread_blocked, id=4984, stack(0x000000216e600000,0x000000216e700000) (1024K)]
  0x0000015bee1766f0 JavaThread "Start Level: Equinox Container: bbb79c7a-1cbb-43f1-acb9-67c5da5bdf64" daemon [_thread_blocked, id=11124, stack(0x000000216e700000,0x000000216e800000) (1024K)]
  0x0000015bee5a2f80 JavaThread "Bundle File Closer"         daemon [_thread_blocked, id=10576, stack(0x000000216eb00000,0x000000216ec00000) (1024K)]
  0x0000015bee312240 JavaThread "SCR Component Actor"        daemon [_thread_blocked, id=20520, stack(0x000000216e800000,0x000000216e900000) (1024K)]
  0x0000015bee793110 JavaThread "Worker-JM"                         [_thread_blocked, id=2512, stack(0x000000216ee00000,0x000000216ef00000) (1024K)]
  0x0000015bee792a80 JavaThread "JNA Cleaner"                daemon [_thread_blocked, id=9156, stack(0x000000216ef00000,0x000000216f000000) (1024K)]
  0x0000015bee7909b0 JavaThread "Java indexing"              daemon [_thread_blocked, id=21200, stack(0x000000216f200000,0x000000216f300000) (1024K)]
  0x0000015bee7923f0 JavaThread "Thread-1"                   daemon [_thread_in_native, id=6256, stack(0x000000216f700000,0x000000216f800000) (1024K)]
  0x0000015bf171e450 JavaThread "Thread-2"                   daemon [_thread_in_native, id=7032, stack(0x000000216f800000,0x000000216f900000) (1024K)]
  0x0000015bf1721f60 JavaThread "Thread-3"                   daemon [_thread_in_native, id=5964, stack(0x000000216f900000,0x000000216fa00000) (1024K)]
  0x0000015bf171fe90 JavaThread "Thread-4"                   daemon [_thread_in_native, id=18800, stack(0x000000216fa00000,0x000000216fb00000) (1024K)]
  0x0000015bf1720520 JavaThread "Thread-5"                   daemon [_thread_in_native, id=21536, stack(0x000000216fb00000,0x000000216fc00000) (1024K)]
  0x0000015bf171eae0 JavaThread "Thread-6"                   daemon [_thread_in_native, id=12060, stack(0x000000216fc00000,0x000000216fd00000) (1024K)]
  0x0000015bf1720bb0 JavaThread "Thread-7"                   daemon [_thread_in_native, id=2768, stack(0x000000216fd00000,0x000000216fe00000) (1024K)]
  0x0000015bf17218d0 JavaThread "Thread-8"                   daemon [_thread_in_native, id=13652, stack(0x000000216fe00000,0x000000216ff00000) (1024K)]
  0x0000015bf171f800 JavaThread "Thread-9"                   daemon [_thread_in_native, id=12020, stack(0x000000216ff00000,0x0000002170000000) (1024K)]
  0x0000015bf1721240 JavaThread "Thread-10"                  daemon [_thread_in_native, id=19136, stack(0x0000002170000000,0x0000002170100000) (1024K)]
  0x0000015bf17225f0 JavaThread "Thread-11"                  daemon [_thread_in_native, id=13700, stack(0x0000002170100000,0x0000002170200000) (1024K)]
  0x0000015bf171f170 JavaThread "Thread-12"                  daemon [_thread_in_native, id=20348, stack(0x0000002170200000,0x0000002170300000) (1024K)]
  0x0000015bf17239a0 JavaThread "Thread-13"                  daemon [_thread_in_native, id=18656, stack(0x0000002170300000,0x0000002170400000) (1024K)]
  0x0000015bf17246c0 JavaThread "Worker-4"                          [_thread_blocked, id=22864, stack(0x0000002170400000,0x0000002170500000) (1024K)]
  0x0000015bf1722c80 JavaThread "pool-2-thread-1"                   [_thread_blocked, id=18564, stack(0x0000002170500000,0x0000002170600000) (1024K)]
  0x0000015bf1724d50 JavaThread "WorkspaceEventsHandler"            [_thread_blocked, id=21824, stack(0x0000002170600000,0x0000002170700000) (1024K)]
  0x0000015bf1724030 JavaThread "pool-1-thread-1"                   [_thread_blocked, id=16808, stack(0x0000002170700000,0x0000002170800000) (1024K)]
  0x0000015bf17253e0 JavaThread "Worker-5"                          [_thread_blocked, id=22088, stack(0x0000002170800000,0x0000002170900000) (1024K)]
  0x0000015bee6ce550 JavaThread "Timer-0"                           [_thread_blocked, id=22916, stack(0x0000002171300000,0x0000002171400000) (1024K)]
Total: 39

Other Threads:
  0x0000015b8f934530 VMThread "VM Thread"                           [id=10224, stack(0x000000216d200000,0x000000216d300000) (1024K)]
  0x0000015b8f82ca00 WatcherThread "VM Periodic Task Thread"        [id=9868, stack(0x000000216d100000,0x000000216d200000) (1024K)]
  0x0000015b8f9badf0 WorkerThread "GC Thread#0"                     [id=17044, stack(0x000000216d000000,0x000000216d100000) (1024K)]
  0x0000015be9949cc0 WorkerThread "GC Thread#1"                     [id=9436, stack(0x000000216de00000,0x000000216df00000) (1024K)]
  0x0000015be994a060 WorkerThread "GC Thread#2"                     [id=14988, stack(0x000000216df00000,0x000000216e000000) (1024K)]
  0x0000015be9f20430 WorkerThread "GC Thread#3"                     [id=3040, stack(0x000000216e000000,0x000000216e100000) (1024K)]
  0x0000015be9f207d0 WorkerThread "GC Thread#4"                     [id=18996, stack(0x000000216e100000,0x000000216e200000) (1024K)]
  0x0000015be9f20b70 WorkerThread "GC Thread#5"                     [id=10288, stack(0x000000216e200000,0x000000216e300000) (1024K)]
  0x0000015be9f20f10 WorkerThread "GC Thread#6"                     [id=19968, stack(0x000000216e300000,0x000000216e400000) (1024K)]
  0x0000015be9f0ae20 WorkerThread "GC Thread#7"                     [id=8732, stack(0x000000216e500000,0x000000216e600000) (1024K)]
  0x0000015bee2a1e90 WorkerThread "GC Thread#8"                     [id=16064, stack(0x000000216e900000,0x000000216ea00000) (1024K)]
  0x0000015be99c2e30 WorkerThread "GC Thread#9"                     [id=6528, stack(0x000000216ea00000,0x000000216eb00000) (1024K)]
Total: 12

Threads with active compile tasks:
Total: 0

VM state: not at safepoint (normal execution)

VM Mutex/Monitor currently owned by a thread: None

Heap address: 0x0000000080000000, size: 2048 MB, Compressed Oops mode: 32-bit

CDS archive(s) mapped at: [0x0000015ba7000000-0x0000015ba7ba0000-0x0000015ba7ba0000), size 12189696, SharedBaseAddress: 0x0000015ba7000000, ArchiveRelocationMode: 1.
Compressed class space mapped at: 0x0000015ba8000000-0x0000015be8000000, reserved size: 1073741824
Narrow klass base: 0x0000015ba7000000, Narrow klass shift: 0, Narrow klass range: 0x100000000

GC Precious Log:
 CardTable entry size: 512
 CPUs: 12 total, 12 available
 Memory: 7581M
 Large Page Support: Disabled
 NUMA Support: Disabled
 Compressed Oops: Enabled (32-bit)
 Alignments: Space 512K, Generation 512K, Heap 2M
 Heap Min Capacity: 100M
 Heap Initial Capacity: 100M
 Heap Max Capacity: 2G
 Pre-touch: Disabled
 Parallel Workers: 10

Heap:
 PSYoungGen      total 1536K, used 772K [0x00000000d5580000, 0x00000000d5800000, 0x0000000100000000)
  eden space 1024K, 53% used [0x00000000d5580000,0x00000000d5609300,0x00000000d5680000)
  from space 512K, 43% used [0x00000000d5680000,0x00000000d56b8000,0x00000000d5700000)
  to   space 512K, 0% used [0x00000000d5780000,0x00000000d5780000,0x00000000d5800000)
 ParOldGen       total 164352K, used 164351K [0x0000000080000000, 0x000000008a080000, 0x00000000d5580000)
  object space 164352K, 99% used [0x0000000080000000,0x000000008a07fd78,0x000000008a080000)
 Metaspace       used 69601K, committed 71168K, reserved 1114112K
  class space    used 7584K, committed 8256K, reserved 1048576K

Card table byte_map: [0x0000015b8f340000,0x0000015b8f750000] _byte_map_base: 0x0000015b8ef40000

Marking Bits: (ParMarkBitMap*) 0x00007ffc5a22a340
 Begin Bits: [0x0000015ba1e40000, 0x0000015ba3e40000)
 End Bits:   [0x0000015ba3e40000, 0x0000015ba5e40000)

Polling page: 0x0000015b8d820000

Metaspace:

Usage:
  Non-class:     60.56 MB used.
      Class:      7.41 MB used.
       Both:     67.97 MB used.

Virtual space:
  Non-class space:       64.00 MB reserved,      61.44 MB ( 96%) committed,  1 nodes.
      Class space:        1.00 GB reserved,       8.06 MB ( <1%) committed,  1 nodes.
             Both:        1.06 GB reserved,      69.50 MB (  6%) committed. 

Chunk freelists:
   Non-Class:  1.80 MB
       Class:  7.97 MB
        Both:  9.77 MB

MaxMetaspaceSize: unlimited
CompressedClassSpaceSize: 1.00 GB
Initial GC threshold: 21.00 MB
Current GC threshold: 98.12 MB
CDS: on
 - commit_granule_bytes: 65536.
 - commit_granule_words: 8192.
 - virtual_space_node_default_size: 8388608.
 - enlarge_chunks_in_place: 1.
 - use_allocation_guard: 0.


Internal statistics:

num_allocs_failed_limit: 13.
num_arena_births: 1264.
num_arena_deaths: 14.
num_vsnodes_births: 2.
num_vsnodes_deaths: 0.
num_space_committed: 1112.
num_space_uncommitted: 0.
num_chunks_returned_to_freelist: 27.
num_chunks_taken_from_freelist: 4479.
num_chunk_merges: 19.
num_chunk_splits: 2823.
num_chunks_enlarged: 1711.
num_inconsistent_stats: 0.

CodeHeap 'non-profiled nmethods': size=120000Kb used=12362Kb max_used=12362Kb free=107637Kb
 bounds [0x0000015b9a660000, 0x0000015b9b280000, 0x0000015ba1b90000]
CodeHeap 'profiled nmethods': size=120000Kb used=33690Kb max_used=33690Kb free=86309Kb
 bounds [0x0000015b92b90000, 0x0000015b94c80000, 0x0000015b9a0c0000]
CodeHeap 'non-nmethods': size=5760Kb used=1430Kb max_used=1511Kb free=4330Kb
 bounds [0x0000015b9a0c0000, 0x0000015b9a330000, 0x0000015b9a660000]
CodeCache: size=245760Kb, used=47482Kb, max_used=47563Kb, free=198276Kb
 total_blobs=14160, nmethods=13419, adapters=644, full_count=0
Compilation: enabled, stopped_count=0, restarted_count=0

Compilation events (20 events):
Event: 4136.006 Thread 0x0000015be9360c30 14243       3       org.eclipse.lsp4j.jsonrpc.json.MessageJsonHandler::getJsonRpcMethod (39 bytes)
Event: 4136.011 Thread 0x0000015be9360c30 nmethod 14243 0x0000015b94c6bc90 code [0x0000015b94c6be80, 0x0000015b94c6c298]
Event: 4182.602 Thread 0x0000015be9360c30 14244       3       java.util.concurrent.ThreadPoolExecutor::runStateAtLeast (11 bytes)
Event: 4182.602 Thread 0x0000015be9360c30 nmethod 14244 0x0000015b94c6c410 code [0x0000015b94c6c5a0, 0x0000015b94c6c6e0]
Event: 4562.360 Thread 0x0000015be9360c30 14245   !   3       com.google.gson.Gson::fromJson (264 bytes)
Event: 4562.367 Thread 0x0000015be9341c30 14246       4       java.util.concurrent.locks.ReentrantReadWriteLock::readLock (5 bytes)
Event: 4562.375 Thread 0x0000015be9341c30 nmethod 14246 0x0000015b9b272590 code [0x0000015b9b272720, 0x0000015b9b2727b0]
Event: 4562.406 Thread 0x0000015be9360c30 nmethod 14245 0x0000015b94c6c790 code [0x0000015b94c6cce0, 0x0000015b94c6f1b8]
Event: 4562.406 Thread 0x0000015be9360c30 14247       3       com.google.gson.internal.Primitives::wrap (92 bytes)
Event: 4562.409 Thread 0x0000015be9360c30 nmethod 14247 0x0000015b94c70b10 code [0x0000015b94c70d20, 0x0000015b94c711e0]
Event: 5420.333 Thread 0x0000015be9360c30 14248   !   3       org.eclipse.core.internal.jobs.JobManager::nextJob (291 bytes)
Event: 5420.402 Thread 0x0000015be9360c30 nmethod 14248 0x0000015b94c71290 code [0x0000015b94c71720, 0x0000015b94c73828]
Event: 5721.552 Thread 0x0000015be9360c30 14249   !   3       java.util.logging.LogManager::getUserContext (118 bytes)
Event: 5721.558 Thread 0x0000015be9360c30 nmethod 14249 0x0000015b94c74910 code [0x0000015b94c74ac0, 0x0000015b94c74d30]
Event: 5721.558 Thread 0x0000015be9360c30 14250       3       jdk.internal.access.SharedSecrets::getJavaAWTAccess (4 bytes)
Event: 5721.559 Thread 0x0000015be9360c30 nmethod 14250 0x0000015b94c74e90 code [0x0000015b94c75020, 0x0000015b94c75118]
Event: 6711.699 Thread 0x0000015be9360c30 14251   !   3       java.util.logging.LogManager$LoggerContext::findLogger (113 bytes)
Event: 6711.731 Thread 0x0000015be9360c30 nmethod 14251 0x0000015b94c75190 code [0x0000015b94c75440, 0x0000015b94c762c0]
Event: 6771.724 Thread 0x0000015be9360c30 14252       3       java.util.logging.LogManager::getLogManager (16 bytes)
Event: 6771.724 Thread 0x0000015be9360c30 nmethod 14252 0x0000015b94c76810 code [0x0000015b94c769c0, 0x0000015b94c76b00]

GC Heap History (20 events):
Event: 2019.473 GC heap before
{Heap before GC invocations=309 (full 3):
 PSYoungGen      total 1536K, used 1312K [0x00000000d5580000, 0x00000000d5800000, 0x0000000100000000)
  eden space 1024K, 100% used [0x00000000d5580000,0x00000000d5680000,0x00000000d5680000)
  from space 512K, 56% used [0x00000000d5680000,0x00000000d56c8000,0x00000000d5700000)
  to   space 512K, 0% used [0x00000000d5780000,0x00000000d5780000,0x00000000d5800000)
 ParOldGen       total 164352K, used 164175K [0x0000000080000000, 0x000000008a080000, 0x00000000d5580000)
  object space 164352K, 99% used [0x0000000080000000,0x000000008a053d78,0x000000008a080000)
 Metaspace       used 69554K, committed 71104K, reserved 1114112K
  class space    used 7584K, committed 8256K, reserved 1048576K
}
Event: 2019.547 GC heap after
{Heap after GC invocations=309 (full 3):
 PSYoungGen      total 1536K, used 288K [0x00000000d5580000, 0x00000000d5800000, 0x0000000100000000)
  eden space 1024K, 0% used [0x00000000d5580000,0x00000000d5580000,0x00000000d5680000)
  from space 512K, 56% used [0x00000000d5780000,0x00000000d57c8000,0x00000000d5800000)
  to   space 512K, 0% used [0x00000000d5680000,0x00000000d5680000,0x00000000d5700000)
 ParOldGen       total 164352K, used 164223K [0x0000000080000000, 0x000000008a080000, 0x00000000d5580000)
  object space 164352K, 99% used [0x0000000080000000,0x000000008a05fd78,0x000000008a080000)
 Metaspace       used 69554K, committed 71104K, reserved 1114112K
  class space    used 7584K, committed 8256K, reserved 1048576K
}
Event: 2054.441 GC heap before
{Heap before GC invocations=310 (full 3):
 PSYoungGen      total 1536K, used 1311K [0x00000000d5580000, 0x00000000d5800000, 0x0000000100000000)
  eden space 1024K, 99% used [0x00000000d5580000,0x00000000d567fff0,0x00000000d5680000)
  from space 512K, 56% used [0x00000000d5780000,0x00000000d57c8000,0x00000000d5800000)
  to   space 512K, 0% used [0x00000000d5680000,0x00000000d5680000,0x00000000d5700000)
 ParOldGen       total 164352K, used 164223K [0x0000000080000000, 0x000000008a080000, 0x00000000d5580000)
  object space 164352K, 99% used [0x0000000080000000,0x000000008a05fd78,0x000000008a080000)
 Metaspace       used 69556K, committed 71168K, reserved 1114112K
  class space    used 7584K, committed 8256K, reserved 1048576K
}
Event: 2054.451 GC heap after
{Heap after GC invocations=310 (full 3):
 PSYoungGen      total 1536K, used 192K [0x00000000d5580000, 0x00000000d5800000, 0x0000000100000000)
  eden space 1024K, 0% used [0x00000000d5580000,0x00000000d5580000,0x00000000d5680000)
  from space 512K, 37% used [0x00000000d5680000,0x00000000d56b0000,0x00000000d5700000)
  to   space 512K, 0% used [0x00000000d5780000,0x00000000d5780000,0x00000000d5800000)
 ParOldGen       total 164352K, used 164279K [0x0000000080000000, 0x000000008a080000, 0x00000000d5580000)
  object space 164352K, 99% used [0x0000000080000000,0x000000008a06dd78,0x000000008a080000)
 Metaspace       used 69556K, committed 71168K, reserved 1114112K
  class space    used 7584K, committed 8256K, reserved 1048576K
}
Event: 2092.811 GC heap before
{Heap before GC invocations=311 (full 3):
 PSYoungGen      total 1536K, used 1216K [0x00000000d5580000, 0x00000000d5800000, 0x0000000100000000)
  eden space 1024K, 100% used [0x00000000d5580000,0x00000000d5680000,0x00000000d5680000)
  from space 512K, 37% used [0x00000000d5680000,0x00000000d56b0000,0x00000000d5700000)
  to   space 512K, 0% used [0x00000000d5780000,0x00000000d5780000,0x00000000d5800000)
 ParOldGen       total 164352K, used 164279K [0x0000000080000000, 0x000000008a080000, 0x00000000d5580000)
  object space 164352K, 99% used [0x0000000080000000,0x000000008a06dd78,0x000000008a080000)
 Metaspace       used 69561K, committed 71168K, reserved 1114112K
  class space    used 7584K, committed 8256K, reserved 1048576K
}
Event: 2092.815 GC heap after
{Heap after GC invocations=311 (full 3):
 PSYoungGen      total 1536K, used 256K [0x00000000d5580000, 0x00000000d5800000, 0x0000000100000000)
  eden space 1024K, 0% used [0x00000000d5580000,0x00000000d5580000,0x00000000d5680000)
  from space 512K, 50% used [0x00000000d5780000,0x00000000d57c0000,0x00000000d5800000)
  to   space 512K, 0% used [0x00000000d5680000,0x00000000d5680000,0x00000000d5700000)
 ParOldGen       total 164352K, used 164279K [0x0000000080000000, 0x000000008a080000, 0x00000000d5580000)
  object space 164352K, 99% used [0x0000000080000000,0x000000008a06dd78,0x000000008a080000)
 Metaspace       used 69561K, committed 71168K, reserved 1114112K
  class space    used 7584K, committed 8256K, reserved 1048576K
}
Event: 2119.901 GC heap before
{Heap before GC invocations=312 (full 3):
 PSYoungGen      total 1536K, used 1280K [0x00000000d5580000, 0x00000000d5800000, 0x0000000100000000)
  eden space 1024K, 100% used [0x00000000d5580000,0x00000000d5680000,0x00000000d5680000)
  from space 512K, 50% used [0x00000000d5780000,0x00000000d57c0000,0x00000000d5800000)
  to   space 512K, 0% used [0x00000000d5680000,0x00000000d5680000,0x00000000d5700000)
 ParOldGen       total 164352K, used 164279K [0x0000000080000000, 0x000000008a080000, 0x00000000d5580000)
  object space 164352K, 99% used [0x0000000080000000,0x000000008a06dd78,0x000000008a080000)
 Metaspace       used 69562K, committed 71168K, reserved 1114112K
  class space    used 7584K, committed 8256K, reserved 1048576K
}
Event: 2119.906 GC heap after
{Heap after GC invocations=312 (full 3):
 PSYoungGen      total 1536K, used 416K [0x00000000d5580000, 0x00000000d5800000, 0x0000000100000000)
  eden space 1024K, 0% used [0x00000000d5580000,0x00000000d5580000,0x00000000d5680000)
  from space 512K, 81% used [0x00000000d5680000,0x00000000d56e8020,0x00000000d5700000)
  to   space 512K, 0% used [0x00000000d5780000,0x00000000d5780000,0x00000000d5800000)
 ParOldGen       total 164352K, used 164295K [0x0000000080000000, 0x000000008a080000, 0x00000000d5580000)
  object space 164352K, 99% used [0x0000000080000000,0x000000008a071d78,0x000000008a080000)
 Metaspace       used 69562K, committed 71168K, reserved 1114112K
  class space    used 7584K, committed 8256K, reserved 1048576K
}
Event: 3678.258 GC heap before
{Heap before GC invocations=313 (full 3):
 PSYoungGen      total 1536K, used 1440K [0x00000000d5580000, 0x00000000d5800000, 0x0000000100000000)
  eden space 1024K, 100% used [0x00000000d5580000,0x00000000d5680000,0x00000000d5680000)
  from space 512K, 81% used [0x00000000d5680000,0x00000000d56e8020,0x00000000d5700000)
  to   space 512K, 0% used [0x00000000d5780000,0x00000000d5780000,0x00000000d5800000)
 ParOldGen       total 164352K, used 164295K [0x0000000080000000, 0x000000008a080000, 0x00000000d5580000)
  object space 164352K, 99% used [0x0000000080000000,0x000000008a071d78,0x000000008a080000)
 Metaspace       used 69571K, committed 71168K, reserved 1114112K
  class space    used 7584K, committed 8256K, reserved 1048576K
}
Event: 3678.331 GC heap after
{Heap after GC invocations=313 (full 3):
 PSYoungGen      total 1536K, used 192K [0x00000000d5580000, 0x00000000d5800000, 0x0000000100000000)
  eden space 1024K, 0% used [0x00000000d5580000,0x00000000d5580000,0x00000000d5680000)
  from space 512K, 37% used [0x00000000d5780000,0x00000000d57b0000,0x00000000d5800000)
  to   space 512K, 0% used [0x00000000d5680000,0x00000000d5680000,0x00000000d5700000)
 ParOldGen       total 164352K, used 164303K [0x0000000080000000, 0x000000008a080000, 0x00000000d5580000)
  object space 164352K, 99% used [0x0000000080000000,0x000000008a073d78,0x000000008a080000)
 Metaspace       used 69571K, committed 71168K, reserved 1114112K
  class space    used 7584K, committed 8256K, reserved 1048576K
}
Event: 3708.402 GC heap before
{Heap before GC invocations=314 (full 3):
 PSYoungGen      total 1536K, used 1215K [0x00000000d5580000, 0x00000000d5800000, 0x0000000100000000)
  eden space 1024K, 99% used [0x00000000d5580000,0x00000000d567fcb8,0x00000000d5680000)
  from space 512K, 37% used [0x00000000d5780000,0x00000000d57b0000,0x00000000d5800000)
  to   space 512K, 0% used [0x00000000d5680000,0x00000000d5680000,0x00000000d5700000)
 ParOldGen       total 164352K, used 164303K [0x0000000080000000, 0x000000008a080000, 0x00000000d5580000)
  object space 164352K, 99% used [0x0000000080000000,0x000000008a073d78,0x000000008a080000)
 Metaspace       used 69571K, committed 71168K, reserved 1114112K
  class space    used 7584K, committed 8256K, reserved 1048576K
}
Event: 3708.407 GC heap after
{Heap after GC invocations=314 (full 3):
 PSYoungGen      total 1536K, used 320K [0x00000000d5580000, 0x00000000d5800000, 0x0000000100000000)
  eden space 1024K, 0% used [0x00000000d5580000,0x00000000d5580000,0x00000000d5680000)
  from space 512K, 62% used [0x00000000d5680000,0x00000000d56d0000,0x00000000d5700000)
  to   space 512K, 0% used [0x00000000d5780000,0x00000000d5780000,0x00000000d5800000)
 ParOldGen       total 164352K, used 164327K [0x0000000080000000, 0x000000008a080000, 0x00000000d5580000)
  object space 164352K, 99% used [0x0000000080000000,0x000000008a079d78,0x000000008a080000)
 Metaspace       used 69571K, committed 71168K, reserved 1114112K
  class space    used 7584K, committed 8256K, reserved 1048576K
}
Event: 3774.942 GC heap before
{Heap before GC invocations=315 (full 3):
 PSYoungGen      total 1536K, used 1344K [0x00000000d5580000, 0x00000000d5800000, 0x0000000100000000)
  eden space 1024K, 100% used [0x00000000d5580000,0x00000000d5680000,0x00000000d5680000)
  from space 512K, 62% used [0x00000000d5680000,0x00000000d56d0000,0x00000000d5700000)
  to   space 512K, 0% used [0x00000000d5780000,0x00000000d5780000,0x00000000d5800000)
 ParOldGen       total 164352K, used 164327K [0x0000000080000000, 0x000000008a080000, 0x00000000d5580000)
  object space 164352K, 99% used [0x0000000080000000,0x000000008a079d78,0x000000008a080000)
 Metaspace       used 69580K, committed 71168K, reserved 1114112K
  class space    used 7584K, committed 8256K, reserved 1048576K
}
Event: 3774.947 GC heap after
{Heap after GC invocations=315 (full 3):
 PSYoungGen      total 1536K, used 224K [0x00000000d5580000, 0x00000000d5800000, 0x0000000100000000)
  eden space 1024K, 0% used [0x00000000d5580000,0x00000000d5580000,0x00000000d5680000)
  from space 512K, 43% used [0x00000000d5780000,0x00000000d57b8000,0x00000000d5800000)
  to   space 512K, 0% used [0x00000000d5680000,0x00000000d5680000,0x00000000d5700000)
 ParOldGen       total 164352K, used 164327K [0x0000000080000000, 0x000000008a080000, 0x00000000d5580000)
  object space 164352K, 99% used [0x0000000080000000,0x000000008a079d78,0x000000008a080000)
 Metaspace       used 69580K, committed 71168K, reserved 1114112K
  class space    used 7584K, committed 8256K, reserved 1048576K
}
Event: 3936.044 GC heap before
{Heap before GC invocations=316 (full 3):
 PSYoungGen      total 1536K, used 1241K [0x00000000d5580000, 0x00000000d5800000, 0x0000000100000000)
  eden space 1024K, 99% used [0x00000000d5580000,0x00000000d567e608,0x00000000d5680000)
  from space 512K, 43% used [0x00000000d5780000,0x00000000d57b8000,0x00000000d5800000)
  to   space 512K, 0% used [0x00000000d5680000,0x00000000d5680000,0x00000000d5700000)
 ParOldGen       total 164352K, used 164327K [0x0000000080000000, 0x000000008a080000, 0x00000000d5580000)
  object space 164352K, 99% used [0x0000000080000000,0x000000008a079d78,0x000000008a080000)
 Metaspace       used 69584K, committed 71168K, reserved 1114112K
  class space    used 7584K, committed 8256K, reserved 1048576K
}
Event: 3936.071 GC heap after
{Heap after GC invocations=316 (full 3):
 PSYoungGen      total 1536K, used 160K [0x00000000d5580000, 0x00000000d5800000, 0x0000000100000000)
  eden space 1024K, 0% used [0x00000000d5580000,0x00000000d5580000,0x00000000d5680000)
  from space 512K, 31% used [0x00000000d5680000,0x00000000d56a8000,0x00000000d5700000)
  to   space 512K, 0% used [0x00000000d5780000,0x00000000d5780000,0x00000000d5800000)
 ParOldGen       total 164352K, used 164335K [0x0000000080000000, 0x000000008a080000, 0x00000000d5580000)
  object space 164352K, 99% used [0x0000000080000000,0x000000008a07bd78,0x000000008a080000)
 Metaspace       used 69584K, committed 71168K, reserved 1114112K
  class space    used 7584K, committed 8256K, reserved 1048576K
}
Event: 4079.792 GC heap before
{Heap before GC invocations=317 (full 3):
 PSYoungGen      total 1536K, used 1184K [0x00000000d5580000, 0x00000000d5800000, 0x0000000100000000)
  eden space 1024K, 100% used [0x00000000d5580000,0x00000000d5680000,0x00000000d5680000)
  from space 512K, 31% used [0x00000000d5680000,0x00000000d56a8000,0x00000000d5700000)
  to   space 512K, 0% used [0x00000000d5780000,0x00000000d5780000,0x00000000d5800000)
 ParOldGen       total 164352K, used 164335K [0x0000000080000000, 0x000000008a080000, 0x00000000d5580000)
  object space 164352K, 99% used [0x0000000080000000,0x000000008a07bd78,0x000000008a080000)
 Metaspace       used 69585K, committed 71168K, reserved 1114112K
  class space    used 7584K, committed 8256K, reserved 1048576K
}
Event: 4079.794 GC heap after
{Heap after GC invocations=317 (full 3):
 PSYoungGen      total 1536K, used 320K [0x00000000d5580000, 0x00000000d5800000, 0x0000000100000000)
  eden space 1024K, 0% used [0x00000000d5580000,0x00000000d5580000,0x00000000d5680000)
  from space 512K, 62% used [0x00000000d5780000,0x00000000d57d0000,0x00000000d5800000)
  to   space 512K, 0% used [0x00000000d5680000,0x00000000d5680000,0x00000000d5700000)
 ParOldGen       total 164352K, used 164343K [0x0000000080000000, 0x000000008a080000, 0x00000000d5580000)
  object space 164352K, 99% used [0x0000000080000000,0x000000008a07dd78,0x000000008a080000)
 Metaspace       used 69585K, committed 71168K, reserved 1114112K
  class space    used 7584K, committed 8256K, reserved 1048576K
}
Event: 5720.330 GC heap before
{Heap before GC invocations=318 (full 3):
 PSYoungGen      total 1536K, used 1343K [0x00000000d5580000, 0x00000000d5800000, 0x0000000100000000)
  eden space 1024K, 99% used [0x00000000d5580000,0x00000000d567fff8,0x00000000d5680000)
  from space 512K, 62% used [0x00000000d5780000,0x00000000d57d0000,0x00000000d5800000)
  to   space 512K, 0% used [0x00000000d5680000,0x00000000d5680000,0x00000000d5700000)
 ParOldGen       total 164352K, used 164343K [0x0000000080000000, 0x000000008a080000, 0x00000000d5580000)
  object space 164352K, 99% used [0x0000000080000000,0x000000008a07dd78,0x000000008a080000)
 Metaspace       used 69595K, committed 71168K, reserved 1114112K
  class space    used 7584K, committed 8256K, reserved 1048576K
}
Event: 5720.369 GC heap after
{Heap after GC invocations=318 (full 3):
 PSYoungGen      total 1536K, used 224K [0x00000000d5580000, 0x00000000d5800000, 0x0000000100000000)
  eden space 1024K, 0% used [0x00000000d5580000,0x00000000d5580000,0x00000000d5680000)
  from space 512K, 43% used [0x00000000d5680000,0x00000000d56b8000,0x00000000d5700000)
  to   space 512K, 0% used [0x00000000d5780000,0x00000000d5780000,0x00000000d5800000)
 ParOldGen       total 164352K, used 164351K [0x0000000080000000, 0x000000008a080000, 0x00000000d5580000)
  object space 164352K, 99% used [0x0000000080000000,0x000000008a07fd78,0x000000008a080000)
 Metaspace       used 69595K, committed 71168K, reserved 1114112K
  class space    used 7584K, committed 8256K, reserved 1048576K
}

Dll operation events (13 events):
Event: 0.021 Loaded shared library c:\Users\nitin\.vscode\extensions\redhat.java-1.47.0-win32-x64\jre\21.0.8-win32-x86_64\bin\java.dll
Event: 0.145 Loaded shared library c:\Users\nitin\.vscode\extensions\redhat.java-1.47.0-win32-x64\jre\21.0.8-win32-x86_64\bin\zip.dll
Event: 0.176 Loaded shared library C:\Users\nitin\.vscode\extensions\redhat.java-1.47.0-win32-x64\jre\21.0.8-win32-x86_64\bin\instrument.dll
Event: 0.182 Loaded shared library C:\Users\nitin\.vscode\extensions\redhat.java-1.47.0-win32-x64\jre\21.0.8-win32-x86_64\bin\net.dll
Event: 0.185 Loaded shared library C:\Users\nitin\.vscode\extensions\redhat.java-1.47.0-win32-x64\jre\21.0.8-win32-x86_64\bin\nio.dll
Event: 0.191 Loaded shared library C:\Users\nitin\.vscode\extensions\redhat.java-1.47.0-win32-x64\jre\21.0.8-win32-x86_64\bin\zip.dll
Event: 0.215 Loaded shared library C:\Users\nitin\.vscode\extensions\redhat.java-1.47.0-win32-x64\jre\21.0.8-win32-x86_64\bin\jimage.dll
Event: 0.345 Loaded shared library c:\Users\nitin\.vscode\extensions\redhat.java-1.47.0-win32-x64\jre\21.0.8-win32-x86_64\bin\verify.dll
Event: 7.362 Loaded shared library C:\Users\nitin\AppData\Roaming\Code\User\globalStorage\redhat.java\1.47.0\config_win\org.eclipse.equinox.launcher\org.eclipse.equinox.launcher.win32.win32.x86_64_1.2.1400.v20250801-0854\eclipse_11916.dll
Event: 18.677 Loaded shared library C:\Users\nitin\AppData\Local\Temp\jna-104830206\jna4728413226619279234.dll
Event: 40.951 Loaded shared library C:\Users\nitin\.gradle\native\1def1411415f61bf3af743bc5b6707747c0891f09f0c88961ee8f79bc544acac\windows-amd64\native-platform.dll
Event: 59.370 Loaded shared library C:\Users\nitin\.vscode\extensions\redhat.java-1.47.0-win32-x64\jre\21.0.8-win32-x86_64\bin\management.dll
Event: 59.387 Loaded shared library C:\Users\nitin\.vscode\extensions\redhat.java-1.47.0-win32-x64\jre\21.0.8-win32-x86_64\bin\management_ext.dll

Deoptimization events (20 events):
Event: 368.238 Thread 0x0000015bf17246c0 Uncommon trap: trap_request=0xffffffc6 fr.pc=0x0000015b9aa03d38 relative=0x0000000000000a18
Event: 368.238 Thread 0x0000015bf17246c0 Uncommon trap: reason=bimorphic_or_optimized_type_check action=maybe_recompile pc=0x0000015b9aa03d38 method=java.io.DataOutputStream.writeInt(I)V @ 19 c2
Event: 368.238 Thread 0x0000015bf17246c0 DEOPT PACKING pc=0x0000015b9aa03d38 sp=0x00000021704fe730
Event: 368.238 Thread 0x0000015bf17246c0 DEOPT UNPACKING pc=0x0000015b9a113aa2 sp=0x00000021704fe728 mode 2
Event: 368.238 Thread 0x0000015bf17246c0 Uncommon trap: trap_request=0xffffffc6 fr.pc=0x0000015b9aa03d38 relative=0x0000000000000a18
Event: 368.238 Thread 0x0000015bf17246c0 Uncommon trap: reason=bimorphic_or_optimized_type_check action=maybe_recompile pc=0x0000015b9aa03d38 method=java.io.DataOutputStream.writeInt(I)V @ 19 c2
Event: 368.238 Thread 0x0000015bf17246c0 DEOPT PACKING pc=0x0000015b9aa03d38 sp=0x00000021704fe6c0
Event: 368.238 Thread 0x0000015bf17246c0 DEOPT UNPACKING pc=0x0000015b9a113aa2 sp=0x00000021704fe6b8 mode 2
Event: 368.239 Thread 0x0000015bf17246c0 Uncommon trap: trap_request=0xffffffde fr.pc=0x0000015b9a9f8198 relative=0x0000000000000d38
Event: 368.239 Thread 0x0000015bf17246c0 Uncommon trap: reason=class_check action=maybe_recompile pc=0x0000015b9a9f8198 method=java.io.DataOutputStream.write([BII)V @ 7 c2
Event: 368.239 Thread 0x0000015bf17246c0 DEOPT PACKING pc=0x0000015b9a9f8198 sp=0x00000021704fe530
Event: 368.239 Thread 0x0000015bf17246c0 DEOPT UNPACKING pc=0x0000015b9a113aa2 sp=0x00000021704fe450 mode 2
Event: 368.336 Thread 0x0000015bf17246c0 Uncommon trap: trap_request=0xffffff45 fr.pc=0x0000015b9b22138c relative=0x0000000000000d2c
Event: 368.336 Thread 0x0000015bf17246c0 Uncommon trap: reason=unstable_if action=reinterpret pc=0x0000015b9b22138c method=java.io.DataOutputStream.writeUTF(Ljava/lang/String;Ljava/io/DataOutput;)I @ 29 c2
Event: 368.336 Thread 0x0000015bf17246c0 DEOPT PACKING pc=0x0000015b9b22138c sp=0x00000021704fe5d0
Event: 368.336 Thread 0x0000015bf17246c0 DEOPT UNPACKING pc=0x0000015b9a113aa2 sp=0x00000021704fe598 mode 2
Event: 1219.749 Thread 0x0000015bf17246c0 DEOPT PACKING pc=0x0000015b94c0002b sp=0x00000021704feb70
Event: 1219.752 Thread 0x0000015bf17246c0 DEOPT UNPACKING pc=0x0000015b9a114242 sp=0x00000021704fdfe0 mode 0
Event: 2020.229 Thread 0x0000015bf1724030 DEOPT PACKING pc=0x0000015b9397d0a7 sp=0x00000021707fec40
Event: 2020.229 Thread 0x0000015bf1724030 DEOPT UNPACKING pc=0x0000015b9a114242 sp=0x00000021707fe138 mode 0

Classes loaded (20 events):
Event: 367.536 Loading class java/util/stream/Nodes$CollectorTask$OfRef
Event: 367.556 Loading class java/util/stream/Nodes$CollectorTask
Event: 367.800 Loading class java/util/stream/Nodes$CollectorTask done
Event: 367.800 Loading class java/util/stream/Nodes$CollectorTask$OfRef done
Event: 367.809 Loading class java/util/function/LongFunction
Event: 367.811 Loading class java/util/function/LongFunction done
Event: 367.819 Loading class java/util/stream/Nodes$ConcNode
Event: 367.829 Loading class java/util/stream/Nodes$AbstractConcNode
Event: 367.838 Loading class java/util/stream/Nodes$AbstractConcNode done
Event: 367.838 Loading class java/util/stream/Nodes$ConcNode done
Event: 368.139 Loading class java/util/stream/Nodes$ToArrayTask$OfRef
Event: 368.143 Loading class java/util/stream/Nodes$ToArrayTask
Event: 368.145 Loading class java/util/stream/Nodes$ToArrayTask done
Event: 368.145 Loading class java/util/stream/Nodes$ToArrayTask$OfRef done
Event: 368.164 Loading class java/io/ObjectOutputStream$BlockDataOutputStream
Event: 368.169 Loading class java/io/ObjectOutputStream$BlockDataOutputStream done
Event: 368.169 Loading class java/io/ObjectOutputStream$HandleTable
Event: 368.172 Loading class java/io/ObjectOutputStream$HandleTable done
Event: 368.173 Loading class java/io/ObjectOutputStream$ReplaceTable
Event: 368.175 Loading class java/io/ObjectOutputStream$ReplaceTable done

Classes unloaded (7 events):
Event: 19.687 Thread 0x0000015b8f934530 Unloading class 0x0000015ba81a4c00 'java/lang/invoke/LambdaForm$MH+0x0000015ba81a4c00'
Event: 19.687 Thread 0x0000015b8f934530 Unloading class 0x0000015ba81a4800 'java/lang/invoke/LambdaForm$MH+0x0000015ba81a4800'
Event: 19.687 Thread 0x0000015b8f934530 Unloading class 0x0000015ba81a4400 'java/lang/invoke/LambdaForm$MH+0x0000015ba81a4400'
Event: 19.687 Thread 0x0000015b8f934530 Unloading class 0x0000015ba81a4000 'java/lang/invoke/LambdaForm$MH+0x0000015ba81a4000'
Event: 19.687 Thread 0x0000015b8f934530 Unloading class 0x0000015ba81a3c00 'java/lang/invoke/LambdaForm$BMH+0x0000015ba81a3c00'
Event: 19.687 Thread 0x0000015b8f934530 Unloading class 0x0000015ba81a3800 'java/lang/invoke/LambdaForm$DMH+0x0000015ba81a3800'
Event: 19.687 Thread 0x0000015b8f934530 Unloading class 0x0000015ba81a2400 'java/lang/invoke/LambdaForm$DMH+0x0000015ba81a2400'

Classes redefined (0 events):
No events

Internal exceptions (20 events):
Event: 79.755 Thread 0x0000015bee791040 Exception <a 'sun/nio/fs/WindowsException'{0x00000000d56bc320}> (0x00000000d56bc320) 
thrown [s\src\hotspot\share\prims\jni.cpp, line 520]
Event: 79.782 Thread 0x0000015bee791040 Exception <a 'sun/nio/fs/WindowsException'{0x00000000d56dc6e8}> (0x00000000d56dc6e8) 
thrown [s\src\hotspot\share\prims\jni.cpp, line 520]
Event: 79.817 Thread 0x0000015bee791040 Exception <a 'sun/nio/fs/WindowsException'{0x00000000d56fe2c8}> (0x00000000d56fe2c8) 
thrown [s\src\hotspot\share\prims\jni.cpp, line 520]
Event: 79.854 Thread 0x0000015bee791040 Exception <a 'sun/nio/fs/WindowsException'{0x00000000d559c870}> (0x00000000d559c870) 
thrown [s\src\hotspot\share\prims\jni.cpp, line 520]
Event: 79.854 Thread 0x0000015bee791040 Exception <a 'sun/nio/fs/WindowsException'{0x00000000d559cea0}> (0x00000000d559cea0) 
thrown [s\src\hotspot\share\prims\jni.cpp, line 520]
Event: 79.855 Thread 0x0000015bee791040 Exception <a 'sun/nio/fs/WindowsException'{0x00000000d559e4e0}> (0x00000000d559e4e0) 
thrown [s\src\hotspot\share\prims\jni.cpp, line 520]
Event: 79.855 Thread 0x0000015bee791040 Exception <a 'sun/nio/fs/WindowsException'{0x00000000d559eb10}> (0x00000000d559eb10) 
thrown [s\src\hotspot\share\prims\jni.cpp, line 520]
Event: 319.463 Thread 0x0000015bf17246c0 Implicit null exception at 0x0000015b9b20f544 to 0x0000015b9b20ffb8
Event: 368.088 Thread 0x0000015bf17246c0 Exception <a 'sun/nio/fs/WindowsException'{0x00000000d55e1018}> (0x00000000d55e1018) 
thrown [s\src\hotspot\share\prims\jni.cpp, line 520]
Event: 368.090 Thread 0x0000015bf17246c0 Exception <a 'sun/nio/fs/WindowsException'{0x00000000d55e18f8}> (0x00000000d55e18f8) 
thrown [s\src\hotspot\share\prims\jni.cpp, line 520]
Event: 368.097 Thread 0x0000015bf17246c0 Exception <a 'sun/nio/fs/WindowsException'{0x00000000d55e33a8}> (0x00000000d55e33a8) 
thrown [s\src\hotspot\share\prims\jni.cpp, line 520]
Event: 368.097 Thread 0x0000015bf17246c0 Exception <a 'sun/nio/fs/WindowsException'{0x00000000d55e3c88}> (0x00000000d55e3c88) 
thrown [s\src\hotspot\share\prims\jni.cpp, line 520]
Event: 368.109 Thread 0x0000015bf17246c0 Exception <a 'sun/nio/fs/WindowsException'{0x00000000d560ed60}> (0x00000000d560ed60) 
thrown [s\src\hotspot\share\prims\jni.cpp, line 520]
Event: 368.109 Thread 0x0000015bf17246c0 Exception <a 'sun/nio/fs/WindowsException'{0x00000000d560f880}> (0x00000000d560f880) 
thrown [s\src\hotspot\share\prims\jni.cpp, line 520]
Event: 368.111 Thread 0x0000015bf17246c0 Exception <a 'sun/nio/fs/WindowsException'{0x00000000d5612310}> (0x00000000d5612310) 
thrown [s\src\hotspot\share\prims\jni.cpp, line 520]
Event: 368.112 Thread 0x0000015bf17246c0 Exception <a 'sun/nio/fs/WindowsException'{0x00000000d5612bf0}> (0x00000000d5612bf0) 
thrown [s\src\hotspot\share\prims\jni.cpp, line 520]
Event: 368.113 Thread 0x0000015bf17246c0 Exception <a 'sun/nio/fs/WindowsException'{0x00000000d56143e0}> (0x00000000d56143e0) 
thrown [s\src\hotspot\share\prims\jni.cpp, line 520]
Event: 368.113 Thread 0x0000015bf17246c0 Exception <a 'sun/nio/fs/WindowsException'{0x00000000d5614cc0}> (0x00000000d5614cc0) 
thrown [s\src\hotspot\share\prims\jni.cpp, line 520]
Event: 368.123 Thread 0x0000015bf17246c0 Implicit null exception at 0x0000015b9adf807f to 0x0000015b9adf8324
Event: 368.271 Thread 0x0000015bf17246c0 Exception <a 'java/lang/NoSuchMethodError'{0x00000000d55972e8}: 'java.lang.Object java.lang.invoke.DirectMethodHandle$Holder.newInvokeSpecial(java.lang.Object, java.lang.Object, java.lang.Object, java.lang.Object, java.lang.Object, java.lang.Object, java.lang.Object, java.lang.Object)'> (0x00000000d55972e8) 
thrown [s\src\hotspot\share\interpreter\linkResolver.cpp, line 773]

ZGC Phase Switch (0 events):
No events

VM Operations (20 events):
Event: 6253.810 Executing VM operation: HandshakeAllThreads (HandshakeForDeflation)
Event: 6253.810 Executing VM operation: HandshakeAllThreads (HandshakeForDeflation) done
Event: 6253.810 Executing VM operation: RendezvousGCThreads
Event: 6253.810 Executing VM operation: RendezvousGCThreads done
Event: 6313.972 Executing VM operation: HandshakeAllThreads (HandshakeForDeflation)
Event: 6313.972 Executing VM operation: HandshakeAllThreads (HandshakeForDeflation) done
Event: 6313.972 Executing VM operation: RendezvousGCThreads
Event: 6313.972 Executing VM operation: RendezvousGCThreads done
Event: 6674.720 Executing VM operation: HandshakeAllThreads (HandshakeForDeflation)
Event: 6674.721 Executing VM operation: HandshakeAllThreads (HandshakeForDeflation) done
Event: 6674.721 Executing VM operation: RendezvousGCThreads
Event: 6674.721 Executing VM operation: RendezvousGCThreads done
Event: 6734.874 Executing VM operation: HandshakeAllThreads (HandshakeForDeflation)
Event: 6734.874 Executing VM operation: HandshakeAllThreads (HandshakeForDeflation) done
Event: 6734.874 Executing VM operation: RendezvousGCThreads
Event: 6734.874 Executing VM operation: RendezvousGCThreads done
Event: 6795.016 Executing VM operation: HandshakeAllThreads (HandshakeForDeflation)
Event: 6795.016 Executing VM operation: HandshakeAllThreads (HandshakeForDeflation) done
Event: 6795.016 Executing VM operation: RendezvousGCThreads
Event: 6795.016 Executing VM operation: RendezvousGCThreads done

Memory protections (0 events):
No events

Nmethod flushes (20 events):
Event: 64.815 Thread 0x0000015b8f934530 flushing  nmethod 0x0000015b934aac90
Event: 64.815 Thread 0x0000015b8f934530 flushing  nmethod 0x0000015b934ad010
Event: 64.815 Thread 0x0000015b8f934530 flushing  nmethod 0x0000015b934bc390
Event: 64.815 Thread 0x0000015b8f934530 flushing  nmethod 0x0000015b934bd410
Event: 64.815 Thread 0x0000015b8f934530 flushing  nmethod 0x0000015b934bef10
Event: 64.815 Thread 0x0000015b8f934530 flushing  nmethod 0x0000015b934c7e10
Event: 64.815 Thread 0x0000015b8f934530 flushing  nmethod 0x0000015b934d4f10
Event: 64.815 Thread 0x0000015b8f934530 flushing  nmethod 0x0000015b934d6310
Event: 64.815 Thread 0x0000015b8f934530 flushing  nmethod 0x0000015b934dc090
Event: 64.815 Thread 0x0000015b8f934530 flushing  nmethod 0x0000015b934dca10
Event: 64.815 Thread 0x0000015b8f934530 flushing  nmethod 0x0000015b934dd310
Event: 64.815 Thread 0x0000015b8f934530 flushing  nmethod 0x0000015b934de110
Event: 64.815 Thread 0x0000015b8f934530 flushing  nmethod 0x0000015b934e7990
Event: 64.815 Thread 0x0000015b8f934530 flushing  nmethod 0x0000015b934ee510
Event: 64.815 Thread 0x0000015b8f934530 flushing  nmethod 0x0000015b934ee890
Event: 64.815 Thread 0x0000015b8f934530 flushing  nmethod 0x0000015b934eed90
Event: 64.815 Thread 0x0000015b8f934530 flushing  nmethod 0x0000015b93501d90
Event: 64.815 Thread 0x0000015b8f934530 flushing  nmethod 0x0000015b93504390
Event: 64.815 Thread 0x0000015b8f934530 flushing  nmethod 0x0000015b93504790
Event: 64.815 Thread 0x0000015b8f934530 flushing  nmethod 0x0000015b93504b90

Events (20 events):
Event: 376.232 Thread 0x0000015bf0881440 Thread exited: 0x0000015bf0881440
Event: 376.232 Thread 0x0000015bf0880090 Thread exited: 0x0000015bf0880090
Event: 376.232 Thread 0x0000015bf0883510 Thread exited: 0x0000015bf0883510
Event: 376.246 Thread 0x0000015bf0883ba0 Thread exited: 0x0000015bf0883ba0
Event: 376.246 Thread 0x0000015bf0881ad0 Thread exited: 0x0000015bf0881ad0
Event: 376.247 Thread 0x0000015bf087f370 Thread exited: 0x0000015bf087f370
Event: 379.121 Thread 0x0000015bf06fc970 Thread exited: 0x0000015bf06fc970
Event: 427.378 Thread 0x0000015bee6caa40 Thread exited: 0x0000015bee6caa40
Event: 439.124 Thread 0x0000015bf06f8140 Thread exited: 0x0000015bf06f8140
Event: 487.381 Thread 0x0000015bee6cb0d0 Thread exited: 0x0000015bee6cb0d0
Event: 499.192 Thread 0x0000015bf06f94f0 Thread exited: 0x0000015bf06f94f0
Event: 547.383 Thread 0x0000015bee6cc480 Thread exited: 0x0000015bee6cc480
Event: 559.250 Thread 0x0000015bf06fa210 Thread exited: 0x0000015bf06fa210
Event: 607.453 Thread 0x0000015bf1725a70 Thread exited: 0x0000015bf1725a70
Event: 619.329 Thread 0x0000015bf06f87d0 Thread exited: 0x0000015bf06f87d0
Event: 667.454 Thread 0x0000015bee6cd830 Thread exited: 0x0000015bee6cd830
Event: 679.330 Thread 0x0000015bf06fc2e0 Thread exited: 0x0000015bf06fc2e0
Event: 727.473 Thread 0x0000015bee6c9000 Thread exited: 0x0000015bee6c9000
Event: 739.366 Thread 0x0000015bf06fbc50 Thread exited: 0x0000015bf06fbc50
Event: 799.352 Thread 0x0000015bf06f8e60 Thread exited: 0x0000015bf06f8e60


Dynamic libraries:
0x00007ff6bf000000 - 0x00007ff6bf00e000 	c:\Users\nitin\.vscode\extensions\redhat.java-1.47.0-win32-x64\jre\21.0.8-win32-x86_64\bin\java.exe
0x00007ffcb6dc0000 - 0x00007ffcb7028000 	C:\WINDOWS\SYSTEM32\ntdll.dll
0x00007ffcb5f70000 - 0x00007ffcb6039000 	C:\WINDOWS\System32\KERNEL32.DLL
0x00007ffcb4480000 - 0x00007ffcb4878000 	C:\WINDOWS\System32\KERNELBASE.dll
0x00007ffcb4330000 - 0x00007ffcb447b000 	C:\WINDOWS\System32\ucrtbase.dll
0x00007ffca2680000 - 0x00007ffca269e000 	c:\Users\nitin\.vscode\extensions\redhat.java-1.47.0-win32-x64\jre\21.0.8-win32-x86_64\bin\VCRUNTIME140.dll
0x00007ffc9f8d0000 - 0x00007ffc9f8e8000 	c:\Users\nitin\.vscode\extensions\redhat.java-1.47.0-win32-x64\jre\21.0.8-win32-x86_64\bin\jli.dll
0x00007ffcb6ac0000 - 0x00007ffcb6c87000 	C:\WINDOWS\System32\USER32.dll
0x00007ffcb4140000 - 0x00007ffcb4167000 	C:\WINDOWS\System32\win32u.dll
0x00007ffcb64f0000 - 0x00007ffcb651b000 	C:\WINDOWS\System32\GDI32.dll
0x00007ffcb4200000 - 0x00007ffcb432c000 	C:\WINDOWS\System32\gdi32full.dll
0x00007ffcb4930000 - 0x00007ffcb49d3000 	C:\WINDOWS\System32\msvcp_win.dll
0x00007ffca2e70000 - 0x00007ffca3104000 	C:\WINDOWS\WinSxS\amd64_microsoft.windows.common-controls_6595b64144ccf1df_6.0.26100.7019_none_3e06ffa0e335b8a8\COMCTL32.dll
0x00007ffcb5300000 - 0x00007ffcb53a9000 	C:\WINDOWS\System32\msvcrt.dll
0x00007ffcb6040000 - 0x00007ffcb6071000 	C:\WINDOWS\System32\IMM32.DLL
0x00007ffcb0370000 - 0x00007ffcb037c000 	c:\Users\nitin\.vscode\extensions\redhat.java-1.47.0-win32-x64\jre\21.0.8-win32-x86_64\bin\vcruntime140_1.dll
0x00007ffc91640000 - 0x00007ffc916cd000 	c:\Users\nitin\.vscode\extensions\redhat.java-1.47.0-win32-x64\jre\21.0.8-win32-x86_64\bin\msvcp140.dll
0x00007ffc59570000 - 0x00007ffc5a307000 	c:\Users\nitin\.vscode\extensions\redhat.java-1.47.0-win32-x64\jre\21.0.8-win32-x86_64\bin\server\jvm.dll
0x00007ffcb6890000 - 0x00007ffcb6944000 	C:\WINDOWS\System32\ADVAPI32.dll
0x00007ffcb53c0000 - 0x00007ffcb5466000 	C:\WINDOWS\System32\sechost.dll
0x00007ffcb65b0000 - 0x00007ffcb66c8000 	C:\WINDOWS\System32\RPCRT4.dll
0x00007ffcb6520000 - 0x00007ffcb6594000 	C:\WINDOWS\System32\WS2_32.dll
0x00007ffcb3d90000 - 0x00007ffcb3dee000 	C:\WINDOWS\SYSTEM32\POWRPROF.dll
0x00007ffcac320000 - 0x00007ffcac355000 	C:\WINDOWS\SYSTEM32\WINMM.dll
0x00007ffcac990000 - 0x00007ffcac99b000 	C:\WINDOWS\SYSTEM32\VERSION.dll
0x00007ffcb3d50000 - 0x00007ffcb3d64000 	C:\WINDOWS\SYSTEM32\UMPDC.dll
0x00007ffcb2cd0000 - 0x00007ffcb2ceb000 	C:\WINDOWS\SYSTEM32\kernel.appcore.dll
0x00007ffca7760000 - 0x00007ffca776a000 	c:\Users\nitin\.vscode\extensions\redhat.java-1.47.0-win32-x64\jre\21.0.8-win32-x86_64\bin\jimage.dll
0x00007ffcb15c0000 - 0x00007ffcb1802000 	C:\WINDOWS\SYSTEM32\DBGHELP.DLL
0x00007ffcb6080000 - 0x00007ffcb640b000 	C:\WINDOWS\System32\combase.dll
0x00007ffcb4b60000 - 0x00007ffcb4c37000 	C:\WINDOWS\System32\OLEAUT32.dll
0x00007ffc8d120000 - 0x00007ffc8d15c000 	C:\WINDOWS\SYSTEM32\dbgcore.DLL
0x00007ffcb4880000 - 0x00007ffcb4925000 	C:\WINDOWS\System32\bcryptPrimitives.dll
0x00007ffca61e0000 - 0x00007ffca61ef000 	c:\Users\nitin\.vscode\extensions\redhat.java-1.47.0-win32-x64\jre\21.0.8-win32-x86_64\bin\instrument.dll
0x00007ffc9f5d0000 - 0x00007ffc9f5ef000 	c:\Users\nitin\.vscode\extensions\redhat.java-1.47.0-win32-x64\jre\21.0.8-win32-x86_64\bin\java.dll
0x00007ffcb5810000 - 0x00007ffcb5f61000 	C:\WINDOWS\System32\SHELL32.dll
0x00007ffcb3fd0000 - 0x00007ffcb413b000 	C:\WINDOWS\System32\wintypes.dll
0x00007ffcb1b00000 - 0x00007ffcb235d000 	C:\WINDOWS\SYSTEM32\windows.storage.dll
0x00007ffcb6790000 - 0x00007ffcb6882000 	C:\WINDOWS\System32\SHCORE.dll
0x00007ffcb6a50000 - 0x00007ffcb6ab7000 	C:\WINDOWS\System32\shlwapi.dll
0x00007ffcb3e30000 - 0x00007ffcb3e59000 	C:\WINDOWS\SYSTEM32\profapi.dll
0x00007ffc9f560000 - 0x00007ffc9f578000 	c:\Users\nitin\.vscode\extensions\redhat.java-1.47.0-win32-x64\jre\21.0.8-win32-x86_64\bin\zip.dll
0x00007ffca6870000 - 0x00007ffca6880000 	C:\Users\nitin\.vscode\extensions\redhat.java-1.47.0-win32-x64\jre\21.0.8-win32-x86_64\bin\net.dll
0x00007ffcacad0000 - 0x00007ffcacbf8000 	C:\WINDOWS\SYSTEM32\WINHTTP.dll
0x00007ffcb3240000 - 0x00007ffcb32ab000 	C:\WINDOWS\system32\mswsock.dll
0x00007ffc9e4f0000 - 0x00007ffc9e506000 	C:\Users\nitin\.vscode\extensions\redhat.java-1.47.0-win32-x64\jre\21.0.8-win32-x86_64\bin\nio.dll
0x00007ffca38b0000 - 0x00007ffca38c0000 	c:\Users\nitin\.vscode\extensions\redhat.java-1.47.0-win32-x64\jre\21.0.8-win32-x86_64\bin\verify.dll
0x00007ffc9d5d0000 - 0x00007ffc9d614000 	C:\Users\nitin\AppData\Roaming\Code\User\globalStorage\redhat.java\1.47.0\config_win\org.eclipse.equinox.launcher\org.eclipse.equinox.launcher.win32.win32.x86_64_1.2.1400.v20250801-0854\eclipse_11916.dll
0x00007ffcb5670000 - 0x00007ffcb5807000 	C:\WINDOWS\System32\ole32.dll
0x00007ffcb3500000 - 0x00007ffcb351b000 	C:\WINDOWS\SYSTEM32\CRYPTSP.dll
0x00007ffcb2c30000 - 0x00007ffcb2c6a000 	C:\WINDOWS\system32\rsaenh.dll
0x00007ffcb32f0000 - 0x00007ffcb331b000 	C:\WINDOWS\SYSTEM32\USERENV.dll
0x00007ffcb3e00000 - 0x00007ffcb3e2a000 	C:\WINDOWS\SYSTEM32\bcrypt.dll
0x00007ffcb3520000 - 0x00007ffcb352c000 	C:\WINDOWS\SYSTEM32\CRYPTBASE.dll
0x00007ffcb26e0000 - 0x00007ffcb2714000 	C:\WINDOWS\SYSTEM32\IPHLPAPI.DLL
0x00007ffcb64e0000 - 0x00007ffcb64ea000 	C:\WINDOWS\System32\NSI.dll
0x00007ffc68030000 - 0x00007ffc68079000 	C:\Users\nitin\AppData\Local\Temp\jna-104830206\jna4728413226619279234.dll
0x00007ffcb53b0000 - 0x00007ffcb53b8000 	C:\WINDOWS\System32\PSAPI.DLL
0x00007ffcae120000 - 0x00007ffcae13e000 	C:\WINDOWS\SYSTEM32\dhcpcsvc6.DLL
0x00007ffcae080000 - 0x00007ffcae0a3000 	C:\WINDOWS\SYSTEM32\dhcpcsvc.DLL
0x00007ffc75960000 - 0x00007ffc75987000 	C:\Users\nitin\.gradle\native\1def1411415f61bf3af743bc5b6707747c0891f09f0c88961ee8f79bc544acac\windows-amd64\native-platform.dll
0x00007ffca37c0000 - 0x00007ffca37ca000 	C:\Users\nitin\.vscode\extensions\redhat.java-1.47.0-win32-x64\jre\21.0.8-win32-x86_64\bin\management.dll
0x00007ffca35f0000 - 0x00007ffca35fb000 	C:\Users\nitin\.vscode\extensions\redhat.java-1.47.0-win32-x64\jre\21.0.8-win32-x86_64\bin\management_ext.dll

JVMTI agents:
c:\Users\nitin\.vscode\extensions\redhat.java-1.47.0-win32-x64\lombok\lombok-1.18.39-4050.jar path:c:\Users\nitin\.vscode\extensions\redhat.java-1.47.0-win32-x64\jre\21.0.8-win32-x86_64\bin\instrument.dll, loaded, initialized, instrumentlib options:none

dbghelp: loaded successfully - version: 4.0.5 - missing functions: none
symbol engine: initialized successfully - sym options: 0x614 - pdb path: .;c:\Users\nitin\.vscode\extensions\redhat.java-1.47.0-win32-x64\jre\21.0.8-win32-x86_64\bin;C:\WINDOWS\SYSTEM32;C:\WINDOWS\WinSxS\amd64_microsoft.windows.common-controls_6595b64144ccf1df_6.0.26100.7019_none_3e06ffa0e335b8a8;c:\Users\nitin\.vscode\extensions\redhat.java-1.47.0-win32-x64\jre\21.0.8-win32-x86_64\bin\server;C:\Users\nitin\AppData\Roaming\Code\User\globalStorage\redhat.java\1.47.0\config_win\org.eclipse.equinox.launcher\org.eclipse.equinox.launcher.win32.win32.x86_64_1.2.1400.v20250801-0854;C:\Users\nitin\AppData\Local\Temp\jna-104830206;C:\Users\nitin\.gradle\native\1def1411415f61bf3af743bc5b6707747c0891f09f0c88961ee8f79bc544acac\windows-amd64

VM Arguments:
jvm_args: --add-modules=ALL-SYSTEM --add-opens=java.base/java.util=ALL-UNNAMED --add-opens=java.base/java.lang=ALL-UNNAMED --add-opens=java.base/sun.nio.fs=ALL-UNNAMED -Declipse.application=org.eclipse.jdt.ls.core.id1 -Dosgi.bundles.defaultStartLevel=4 -Declipse.product=org.eclipse.jdt.ls.core.product -Djava.import.generatesMetadataFilesAtProjectRoot=false -DDetectVMInstallationsJob.disabled=true -Dfile.encoding=utf8 -XX:+UseParallelGC -XX:GCTimeRatio=4 -XX:AdaptiveSizePolicyWeight=90 -Dsun.zip.disableMemoryMapping=true -Xmx2G -Xms100m -Xlog:disable -javaagent:c:\Users\nitin\.vscode\extensions\redhat.java-1.47.0-win32-x64\lombok\lombok-1.18.39-4050.jar -XX:+HeapDumpOnOutOfMemoryError -XX:HeapDumpPath=c:\Users\nitin\AppData\Roaming\Code\User\workspaceStorage\a7ff0c23c26e00c27283d9f2705d0447\redhat.java -Daether.dependencyCollector.impl=bf 
java_command: c:\Users\nitin\.vscode\extensions\redhat.java-1.47.0-win32-x64\server\plugins\org.eclipse.equinox.launcher_1.7.100.v20251014-1222.jar -configuration c:\Users\nitin\AppData\Roaming\Code\User\globalStorage\redhat.java\1.47.0\config_win -data c:\Users\nitin\AppData\Roaming\Code\User\workspaceStorage\a7ff0c23c26e00c27283d9f2705d0447\redhat.java\jdt_ws --pipe=\\.\pipe\lsp-0af263d447a39ddc827a907916033541-sock
java_class_path (initial): c:\Users\nitin\.vscode\extensions\redhat.java-1.47.0-win32-x64\server\plugins\org.eclipse.equinox.launcher_1.7.100.v20251014-1222.jar
Launcher Type: SUN_STANDARD

[Global flags]
    uintx AdaptiveSizePolicyWeight                 = 90                                        {product} {command line}
     intx CICompilerCount                          = 4                                         {product} {ergonomic}
    uintx GCTimeRatio                              = 4                                         {product} {command line}
     bool HeapDumpOnOutOfMemoryError               = true                                   {manageable} {command line}
    ccstr HeapDumpPath                             = c:\Users\nitin\AppData\Roaming\Code\User\workspaceStorage\a7ff0c23c26e00c27283d9f2705d0447\redhat.java         {manageable} {command line}
   size_t InitialHeapSize                          = 104857600                                 {product} {command line}
   size_t MaxHeapSize                              = 2147483648                                {product} {command line}
   size_t MaxNewSize                               = 715653120                                 {product} {ergonomic}
   size_t MinHeapDeltaBytes                        = 524288                                    {product} {ergonomic}
   size_t MinHeapSize                              = 104857600                                 {product} {command line}
   size_t NewSize                                  = 34603008                                  {product} {ergonomic}
    uintx NonNMethodCodeHeapSize                   = 5839372                                {pd product} {ergonomic}
    uintx NonProfiledCodeHeapSize                  = 122909434                              {pd product} {ergonomic}
   size_t OldSize                                  = 70254592                                  {product} {ergonomic}
    uintx ProfiledCodeHeapSize                     = 122909434                              {pd product} {ergonomic}
    uintx ReservedCodeCacheSize                    = 251658240                              {pd product} {ergonomic}
     bool SegmentedCodeCache                       = true                                      {product} {ergonomic}
   size_t SoftMaxHeapSize                          = 2147483648                             {manageable} {ergonomic}
     bool UseCompressedOops                        = true                           {product lp64_product} {ergonomic}
     bool UseLargePagesIndividualAllocation        = false                                  {pd product} {ergonomic}
     bool UseParallelGC                            = true                                      {product} {command line}

Logging:
Log output configuration:
 #0: stdout all=off uptime,level,tags foldmultilines=false
 #1: stderr all=off uptime,level,tags foldmultilines=false

Environment Variables:
PATH=C:\Program Files\Common Files\Oracle\Java\javapath;C:\Windows\system32;C:\Windows;C:\Windows\System32\Wbem;C:\Windows\System32\WindowsPowerShell\v1.0\;C:\Windows\System32\OpenSSH\;C:\Program Files (x86)\NVIDIA Corporation\PhysX\Common;C:\Program Files\nodejs\;C:\WINDOWS\system32;C:\WINDOWS;C:\WINDOWS\System32\Wbem;C:\WINDOWS\System32\WindowsPowerShell\v1.0\;C:\WINDOWS\System32\OpenSSH\;C:\Program Files\Git\cmd;C:\Program Files\NVIDIA Corporation\NVIDIA App\NvDLISR;C:\Program Files (x86)\ASUS\ASUS Secure Auto-Backup\2.0.9.6\;C:\Users\nitin\AppData\Local\Android\Sdk\tools;C:\Users\nitin\AppData\Local\Android\Sdk\tools;C:\Users\nitin\AppData\Local\Microsoft\WindowsApps;C:\Users\nitin\AppData\Roaming\npm;C:\Users\nitin\AppData\Local\Programs\Microsoft VS Code\bin;C:\Users\nitin\AppData\Local\Android\Sdk\platform-tools;
USERNAME=nitin
OS=Windows_NT
PROCESSOR_IDENTIFIER=AMD64 Family 25 Model 80 Stepping 0, AuthenticAMD
TMP=C:\Users\nitin\AppData\Local\Temp
TEMP=C:\Users\nitin\AppData\Local\Temp




Periodic native trim disabled

---------------  S Y S T E M  ---------------

OS:
 Windows 11 , 64 bit Build 26100 (10.0.26100.7019)
OS uptime: 2 days 14:31 hours
Hyper-V role detected

CPU: total 12 (initial active 12) (12 cores per cpu, 2 threads per core) family 25 model 80 stepping 0 microcode 0xa50000d, cx8, cmov, fxsr, ht, mmx, 3dnowpref, sse, sse2, sse3, ssse3, sse4a, sse4.1, sse4.2, popcnt, lzcnt, tsc, tscinvbit, avx, avx2, aes, erms, clmul, bmi1, bmi2, adx, sha, fma, vzeroupper, clflush, clflushopt, hv, rdtscp, rdpid, fsrm, f16c, cet_ss
Processor Information for the first 12 processors :
  Max Mhz: 3301, Current Mhz: 3301, Mhz Limit: 3301

Memory: 4k page, system-wide physical 7581M (742M free)
TotalPageFile size 29581M (AvailPageFile size 0M)
current process WorkingSet (physical memory assigned to process): 12M, peak: 385M
current process commit charge ("private bytes"): 471M, peak: 524M

vm_info: OpenJDK 64-Bit Server VM (21.0.8+9-LTS) for windows-amd64 JRE (21.0.8+9-LTS), built on 2025-07-15T00:00:00Z by "admin" with MS VC++ 17.7 (VS2022)

END.
