#
# There is insufficient memory for the Java Runtime Environment to continue.
# Native memory allocation (malloc) failed to allocate 923216 bytes. Error detail: Chunk::new
# Possible reasons:
#   The system is out of physical RAM or swap space
#   This process is running with CompressedOops enabled, and the Java Heap may be blocking the growth of the native heap
# Possible solutions:
#   Reduce memory load on the system
#   Increase physical memory or swap space
#   Check if swap backing store is full
#   Decrease Java heap size (-Xmx/-Xms)
#   Decrease number of Java threads
#   Decrease Java thread stack sizes (-Xss)
#   Set larger code cache with -XX:ReservedCodeCacheSize=
#   JVM is running with Unscaled Compressed Oops mode in which the Java heap is
#     placed in the first 4GB address space. The Java Heap base address is the
#     maximum limit for the native heap growth. Please use -XX:HeapBaseMinAddress
#     to set the Java Heap base and to place the Java Heap above 4GB virtual address.
# This output file may be truncated or incomplete.
#
#  Out of Memory Error (arena.cpp:168), pid=21024, tid=4068
#
# JRE version: OpenJDK Runtime Environment Temurin-21.0.8+9 (21.0.8+9) (build 21.0.8+9-LTS)
# Java VM: OpenJDK 64-Bit Server VM Temurin-21.0.8+9 (21.0.8+9-LTS, mixed mode, sharing, tiered, compressed oops, compressed class ptrs, parallel gc, windows-amd64)
# No core dump will be written. Minidumps are not enabled by default on client versions of Windows
#

---------------  S U M M A R Y ------------

Command Line: --add-modules=ALL-SYSTEM --add-opens=java.base/java.util=ALL-UNNAMED --add-opens=java.base/java.lang=ALL-UNNAMED --add-opens=java.base/sun.nio.fs=ALL-UNNAMED -Declipse.application=org.eclipse.jdt.ls.core.id1 -Dosgi.bundles.defaultStartLevel=4 -Declipse.product=org.eclipse.jdt.ls.core.product -Djava.import.generatesMetadataFilesAtProjectRoot=false -DDetectVMInstallationsJob.disabled=true -Dfile.encoding=utf8 -XX:+UseParallelGC -XX:GCTimeRatio=4 -XX:AdaptiveSizePolicyWeight=90 -Dsun.zip.disableMemoryMapping=true -Xmx2G -Xms100m -Xlog:disable -javaagent:c:\Users\nitin\.vscode\extensions\redhat.java-1.47.0-win32-x64\lombok\lombok-1.18.39-4050.jar -XX:+HeapDumpOnOutOfMemoryError -XX:HeapDumpPath=c:\Users\nitin\AppData\Roaming\Code\User\workspaceStorage\a7ff0c23c26e00c27283d9f2705d0447\redhat.java -Daether.dependencyCollector.impl=bf c:\Users\nitin\.vscode\extensions\redhat.java-1.47.0-win32-x64\server\plugins\org.eclipse.equinox.launcher_1.7.100.v20251014-1222.jar -configuration c:\Users\nitin\AppData\Roaming\Code\User\globalStorage\redhat.java\1.47.0\config_win -data c:\Users\nitin\AppData\Roaming\Code\User\workspaceStorage\a7ff0c23c26e00c27283d9f2705d0447\redhat.java\jdt_ws --pipe=\\.\pipe\lsp-9c4c3c94eb5d3bf8f7e74d52c7009fa8-sock

Host: AMD Ryzen 5 5600H with Radeon Graphics         , 12 cores, 7G,  Windows 11 , 64 bit Build 26100 (10.0.26100.7019)
Time: Mon Nov  3 17:43:10 2025 India Standard Time elapsed time: 7.403035 seconds (0d 0h 0m 7s)

---------------  T H R E A D  ---------------

Current thread (0x000001dae40289c0):  JavaThread "C2 CompilerThread0" daemon [_thread_in_native, id=4068, stack(0x000000c693d00000,0x000000c693e00000) (1024K)]


Current CompileTask:
C2:7403 5611   !   4       org.eclipse.osgi.internal.loader.classpath.ClasspathManager::defineClass (636 bytes)

Stack: [0x000000c693d00000,0x000000c693e00000]
Native frames: (J=compiled Java code, j=interpreted, Vv=VM code, C=native code)
V  [jvm.dll+0x6d2449]
V  [jvm.dll+0x8ae341]
V  [jvm.dll+0x8b08be]
V  [jvm.dll+0x8b0fa3]
V  [jvm.dll+0x280c96]
V  [jvm.dll+0xc581d]
V  [jvm.dll+0xc5d53]
V  [jvm.dll+0x2f539d]
V  [jvm.dll+0x5fa00a]
V  [jvm.dll+0x252092]
V  [jvm.dll+0x25244f]
V  [jvm.dll+0x24ad14]
V  [jvm.dll+0x2483a4]
V  [jvm.dll+0x1c89ee]
V  [jvm.dll+0x257d4d]
V  [jvm.dll+0x2562ea]
V  [jvm.dll+0x3f2d16]
V  [jvm.dll+0x857e6b]
V  [jvm.dll+0x6d0b0d]
C  [ucrtbase.dll+0x37b0]
C  [KERNEL32.DLL+0x2e8d7]
C  [ntdll.dll+0x8c53c]


---------------  P R O C E S S  ---------------

Threads class SMR info:
_java_thread_list=0x000001dae7dee7d0, length=43, elements={
0x000001da8640c660, 0x000001dae40044b0, 0x000001da9cbfd590, 0x000001dae4006ed0,
0x000001dae4007b20, 0x000001dae4011170, 0x000001dae4018ce0, 0x000001dae40289c0,
0x000001dae404b270, 0x000001dae411e180, 0x000001dae411e810, 0x000001dae411f530,
0x000001dae411fbc0, 0x000001dae411d460, 0x000001dae411eea0, 0x000001dae411daf0,
0x000001dae411cdd0, 0x000001dae4d3f760, 0x000001dae4d40480, 0x000001dae4d42550,
0x000001dae4d40b10, 0x000001dae6b41dc0, 0x000001dae4d3fdf0, 0x000001dae45f6b20,
0x000001dae4d43f90, 0x000001dae4d411a0, 0x000001dae4d44620, 0x000001dae4d44cb0,
0x000001dae4d41ec0, 0x000001dae4d43900, 0x000001dae4d42be0, 0x000001dae4d43270,
0x000001dae4d41830, 0x000001dae4d459d0, 0x000001dae4d45340, 0x000001dae4d46060,
0x000001dae4d466f0, 0x000001dae7974060, 0x000001dae79774e0, 0x000001dae7974d80,
0x000001dae7977b70, 0x000001dae7975410, 0x000001dae7976e50
}

Java Threads: ( => current thread )
  0x000001da8640c660 JavaThread "main"                              [_thread_blocked, id=740, stack(0x000000c693300000,0x000000c693400000) (1024K)]
  0x000001dae40044b0 JavaThread "Reference Handler"          daemon [_thread_blocked, id=22264, stack(0x000000c693700000,0x000000c693800000) (1024K)]
  0x000001da9cbfd590 JavaThread "Finalizer"                  daemon [_thread_blocked, id=8716, stack(0x000000c693800000,0x000000c693900000) (1024K)]
  0x000001dae4006ed0 JavaThread "Signal Dispatcher"          daemon [_thread_blocked, id=3304, stack(0x000000c693900000,0x000000c693a00000) (1024K)]
  0x000001dae4007b20 JavaThread "Attach Listener"            daemon [_thread_blocked, id=14464, stack(0x000000c693a00000,0x000000c693b00000) (1024K)]
  0x000001dae4011170 JavaThread "Service Thread"             daemon [_thread_blocked, id=19204, stack(0x000000c693b00000,0x000000c693c00000) (1024K)]
  0x000001dae4018ce0 JavaThread "Monitor Deflation Thread"   daemon [_thread_blocked, id=7808, stack(0x000000c693c00000,0x000000c693d00000) (1024K)]
=>0x000001dae40289c0 JavaThread "C2 CompilerThread0"         daemon [_thread_in_native, id=4068, stack(0x000000c693d00000,0x000000c693e00000) (1024K)]
  0x000001dae404b270 JavaThread "C1 CompilerThread0"         daemon [_thread_in_native, id=12440, stack(0x000000c693e00000,0x000000c693f00000) (1024K)]
  0x000001dae411e180 JavaThread "Common-Cleaner"             daemon [_thread_blocked, id=6280, stack(0x000000c693f00000,0x000000c694000000) (1024K)]
  0x000001dae411e810 JavaThread "Notification Thread"        daemon [_thread_blocked, id=15100, stack(0x000000c694100000,0x000000c694200000) (1024K)]
  0x000001dae411f530 JavaThread "Active Thread: Equinox Container: f12bf0dc-aff0-4806-84a1-00dc3a09df36"        [_thread_blocked, id=14068, stack(0x000000c694200000,0x000000c694300000) (1024K)]
  0x000001dae411fbc0 JavaThread "Refresh Thread: Equinox Container: f12bf0dc-aff0-4806-84a1-00dc3a09df36" daemon [_thread_blocked, id=1852, stack(0x000000c694900000,0x000000c694a00000) (1024K)]
  0x000001dae411d460 JavaThread "Framework Event Dispatcher: Equinox Container: f12bf0dc-aff0-4806-84a1-00dc3a09df36" daemon [_thread_blocked, id=23444, stack(0x000000c694b00000,0x000000c694c00000) (1024K)]
  0x000001dae411eea0 JavaThread "Start Level: Equinox Container: f12bf0dc-aff0-4806-84a1-00dc3a09df36" daemon [_thread_blocked, id=23348, stack(0x000000c694c00000,0x000000c694d00000) (1024K)]
  0x000001dae411daf0 JavaThread "Bundle File Closer"         daemon [_thread_blocked, id=19000, stack(0x000000c694f00000,0x000000c695000000) (1024K)]
  0x000001dae411cdd0 JavaThread "SCR Component Actor"        daemon [_thread_blocked, id=7820, stack(0x000000c695000000,0x000000c695100000) (1024K)]
  0x000001dae4d3f760 JavaThread "Worker-JM"                         [_thread_blocked, id=10372, stack(0x000000c695100000,0x000000c695200000) (1024K)]
  0x000001dae4d40480 JavaThread "JNA Cleaner"                daemon [_thread_blocked, id=6436, stack(0x000000c694000000,0x000000c694100000) (1024K)]
  0x000001dae4d42550 JavaThread "Worker-0: Repository registry initialization"        [_thread_blocked, id=5960, stack(0x000000c695300000,0x000000c695400000) (1024K)]
  0x000001dae4d40b10 JavaThread "Worker-1"                          [_thread_blocked, id=1780, stack(0x000000c695200000,0x000000c695300000) (1024K)]
  0x000001dae6b41dc0 JavaThread "C2 CompilerThread1"         daemon [_thread_in_native, id=21120, stack(0x000000c695400000,0x000000c695500000) (1024K)]
  0x000001dae4d3fdf0 JavaThread "Worker-2: Initialize After Load"        [_thread_blocked, id=8436, stack(0x000000c695500000,0x000000c695600000) (1024K)]
  0x000001dae45f6b20 JavaThread "C2 CompilerThread2"         daemon [_thread_in_native, id=16708, stack(0x000000c695600000,0x000000c695700000) (1024K)]
  0x000001dae4d43f90 JavaThread "Java indexing"              daemon [_thread_blocked, id=21192, stack(0x000000c695700000,0x000000c695800000) (1024K)]
  0x000001dae4d411a0 JavaThread "Worker-3: Updating Maven Dependencies"        [_thread_in_Java, id=22776, stack(0x000000c695a00000,0x000000c695b00000) (1024K)]
  0x000001dae4d44620 JavaThread "Thread-1"                   daemon [_thread_in_native, id=5024, stack(0x000000c695b00000,0x000000c695c00000) (1024K)]
  0x000001dae4d44cb0 JavaThread "Thread-2"                   daemon [_thread_in_native, id=2604, stack(0x000000c695c00000,0x000000c695d00000) (1024K)]
  0x000001dae4d41ec0 JavaThread "Thread-3"                   daemon [_thread_in_native, id=16420, stack(0x000000c695d00000,0x000000c695e00000) (1024K)]
  0x000001dae4d43900 JavaThread "Thread-4"                   daemon [_thread_in_native, id=4336, stack(0x000000c695e00000,0x000000c695f00000) (1024K)]
  0x000001dae4d42be0 JavaThread "Thread-5"                   daemon [_thread_in_native, id=13756, stack(0x000000c695f00000,0x000000c696000000) (1024K)]
  0x000001dae4d43270 JavaThread "Thread-6"                   daemon [_thread_in_native, id=1268, stack(0x000000c696000000,0x000000c696100000) (1024K)]
  0x000001dae4d41830 JavaThread "Thread-7"                   daemon [_thread_in_native, id=15148, stack(0x000000c696100000,0x000000c696200000) (1024K)]
  0x000001dae4d459d0 JavaThread "Thread-8"                   daemon [_thread_in_native, id=21420, stack(0x000000c696200000,0x000000c696300000) (1024K)]
  0x000001dae4d45340 JavaThread "Thread-9"                   daemon [_thread_in_native, id=7236, stack(0x000000c696300000,0x000000c696400000) (1024K)]
  0x000001dae4d46060 JavaThread "Thread-10"                  daemon [_thread_in_native, id=19716, stack(0x000000c696400000,0x000000c696500000) (1024K)]
  0x000001dae4d466f0 JavaThread "Thread-11"                  daemon [_thread_in_native, id=21900, stack(0x000000c696500000,0x000000c696600000) (1024K)]
  0x000001dae7974060 JavaThread "Thread-12"                  daemon [_thread_in_native, id=10764, stack(0x000000c696600000,0x000000c696700000) (1024K)]
  0x000001dae79774e0 JavaThread "Thread-13"                  daemon [_thread_in_native, id=2752, stack(0x000000c696700000,0x000000c696800000) (1024K)]
  0x000001dae7974d80 JavaThread "pool-2-thread-1"                   [_thread_blocked, id=14888, stack(0x000000c696800000,0x000000c696900000) (1024K)]
  0x000001dae7977b70 JavaThread "Worker-4"                          [_thread_blocked, id=13136, stack(0x000000c696900000,0x000000c696a00000) (1024K)]
  0x000001dae7975410 JavaThread "WorkspaceEventsHandler"            [_thread_blocked, id=4200, stack(0x000000c696a00000,0x000000c696b00000) (1024K)]
  0x000001dae7976e50 JavaThread "pool-1-thread-1"                   [_thread_blocked, id=11052, stack(0x000000c696b00000,0x000000c696c00000) (1024K)]
Total: 43

Other Threads:
  0x000001da9cbe4530 VMThread "VM Thread"                           [id=4944, stack(0x000000c693600000,0x000000c693700000) (1024K)]
  0x000001da9cadca00 WatcherThread "VM Periodic Task Thread"        [id=8484, stack(0x000000c693500000,0x000000c693600000) (1024K)]
  0x000001da8642a830 WorkerThread "GC Thread#0"                     [id=6604, stack(0x000000c693400000,0x000000c693500000) (1024K)]
  0x000001dae4590600 WorkerThread "GC Thread#1"                     [id=7184, stack(0x000000c694300000,0x000000c694400000) (1024K)]
  0x000001dae49eb0e0 WorkerThread "GC Thread#2"                     [id=17352, stack(0x000000c694400000,0x000000c694500000) (1024K)]
  0x000001dae45a0d20 WorkerThread "GC Thread#3"                     [id=628, stack(0x000000c694500000,0x000000c694600000) (1024K)]
  0x000001dae45a10c0 WorkerThread "GC Thread#4"                     [id=7340, stack(0x000000c694600000,0x000000c694700000) (1024K)]
  0x000001dae46a5f40 WorkerThread "GC Thread#5"                     [id=5736, stack(0x000000c694700000,0x000000c694800000) (1024K)]
  0x000001dae46a62e0 WorkerThread "GC Thread#6"                     [id=8844, stack(0x000000c694800000,0x000000c694900000) (1024K)]
  0x000001dae4cf23a0 WorkerThread "GC Thread#7"                     [id=10112, stack(0x000000c694a00000,0x000000c694b00000) (1024K)]
  0x000001dae5056be0 WorkerThread "GC Thread#8"                     [id=10412, stack(0x000000c694d00000,0x000000c694e00000) (1024K)]
  0x000001dae5209840 WorkerThread "GC Thread#9"                     [id=20980, stack(0x000000c694e00000,0x000000c694f00000) (1024K)]
Total: 12

Threads with active compile tasks:
C2 CompilerThread0  8431 5611   !   4       org.eclipse.osgi.internal.loader.classpath.ClasspathManager::defineClass (636 bytes)
C2 CompilerThread1  8431 5049   !   4       org.eclipse.osgi.internal.loader.classpath.ClasspathManager::findClassImpl (328 bytes)
C2 CompilerThread2  8431 5636       4       java.util.WeakHashMap::remove (131 bytes)
Total: 3

VM state: not at safepoint (normal execution)

VM Mutex/Monitor currently owned by a thread: None

Heap address: 0x0000000080000000, size: 2048 MB, Compressed Oops mode: 32-bit

CDS archive(s) mapped at: [0x000001da9d000000-0x000001da9dba0000-0x000001da9dba0000), size 12189696, SharedBaseAddress: 0x000001da9d000000, ArchiveRelocationMode: 1.
Compressed class space mapped at: 0x000001da9e000000-0x000001dade000000, reserved size: 1073741824
Narrow klass base: 0x000001da9d000000, Narrow klass shift: 0, Narrow klass range: 0x100000000

GC Precious Log:
 CardTable entry size: 512
 CPUs: 12 total, 12 available
 Memory: 7581M
 Large Page Support: Disabled
 NUMA Support: Disabled
 Compressed Oops: Enabled (32-bit)
 Alignments: Space 512K, Generation 512K, Heap 2M
 Heap Min Capacity: 100M
 Heap Initial Capacity: 100M
 Heap Max Capacity: 2G
 Pre-touch: Disabled
 Parallel Workers: 10

Heap:
 PSYoungGen      total 19456K, used 15680K [0x00000000d5580000, 0x00000000d6a80000, 0x0000000100000000)
  eden space 17920K, 83% used [0x00000000d5580000,0x00000000d6430230,0x00000000d6700000)
  from space 1536K, 41% used [0x00000000d6780000,0x00000000d6820000,0x00000000d6900000)
  to   space 1024K, 0% used [0x00000000d6980000,0x00000000d6980000,0x00000000d6a80000)
 ParOldGen       total 68608K, used 31733K [0x0000000080000000, 0x0000000084300000, 0x00000000d5580000)
  object space 68608K, 46% used [0x0000000080000000,0x0000000081efd400,0x0000000084300000)
 Metaspace       used 40739K, committed 41856K, reserved 1114112K
  class space    used 4332K, committed 4800K, reserved 1048576K

Card table byte_map: [0x000001da85cc0000,0x000001da860d0000] _byte_map_base: 0x000001da858c0000

Marking Bits: (ParMarkBitMap*) 0x00007ffc5a22a340
 Begin Bits: [0x000001da98600000, 0x000001da9a600000)
 End Bits:   [0x000001da9a600000, 0x000001da9c600000)

Polling page: 0x000001da84190000

Metaspace:

Usage:
  Non-class:     35.55 MB used.
      Class:      4.23 MB used.
       Both:     39.79 MB used.

Virtual space:
  Non-class space:       64.00 MB reserved,      36.19 MB ( 57%) committed,  1 nodes.
      Class space:        1.00 GB reserved,       4.69 MB ( <1%) committed,  1 nodes.
             Both:        1.06 GB reserved,      40.88 MB (  4%) committed. 

Chunk freelists:
   Non-Class:  11.73 MB
       Class:  11.19 MB
        Both:  22.92 MB

MaxMetaspaceSize: unlimited
CompressedClassSpaceSize: 1.00 GB
Initial GC threshold: 21.00 MB
Current GC threshold: 58.38 MB
CDS: on
 - commit_granule_bytes: 65536.
 - commit_granule_words: 8192.
 - virtual_space_node_default_size: 8388608.
 - enlarge_chunks_in_place: 1.
 - use_allocation_guard: 0.


Internal statistics:

num_allocs_failed_limit: 6.
num_arena_births: 752.
num_arena_deaths: 14.
num_vsnodes_births: 2.
num_vsnodes_deaths: 0.
num_space_committed: 654.
num_space_uncommitted: 0.
num_chunks_returned_to_freelist: 20.
num_chunks_taken_from_freelist: 2494.
num_chunk_merges: 12.
num_chunk_splits: 1582.
num_chunks_enlarged: 952.
num_inconsistent_stats: 0.

CodeHeap 'non-profiled nmethods': size=120000Kb used=2667Kb max_used=2667Kb free=117333Kb
 bounds [0x000001da910d0000, 0x000001da91380000, 0x000001da98600000]
CodeHeap 'profiled nmethods': size=120000Kb used=10193Kb max_used=10193Kb free=109807Kb
 bounds [0x000001da89600000, 0x000001da8a000000, 0x000001da90b30000]
CodeHeap 'non-nmethods': size=5760Kb used=1361Kb max_used=1428Kb free=4398Kb
 bounds [0x000001da90b30000, 0x000001da90da0000, 0x000001da910d0000]
CodeCache: size=245760Kb, used=14221Kb, max_used=14288Kb, free=231538Kb
 total_blobs=5759, nmethods=5100, adapters=565, full_count=0
Compilation: enabled, stopped_count=0, restarted_count=0

Compilation events (20 events):
Event: 5.363 Thread 0x000001dae404b270 nmethod 5683 0x000001da89cdbb90 code [0x000001da89cdbe00, 0x000001da89cdc800]
Event: 5.363 Thread 0x000001dae404b270 5684       3       java.util.ArrayList::spliterator (12 bytes)
Event: 5.363 Thread 0x000001dae404b270 nmethod 5684 0x000001da89cdb690 code [0x000001da89cdb840, 0x000001da89cdba90]
Event: 5.363 Thread 0x000001dae404b270 5685       3       java.util.ArrayList$ArrayListSpliterator::<init> (26 bytes)
Event: 5.363 Thread 0x000001dae404b270 nmethod 5685 0x000001da89cdb290 code [0x000001da89cdb440, 0x000001da89cdb5d0]
Event: 5.363 Thread 0x000001dae404b270 5686       3       java.util.ArrayList$ArrayListSpliterator::estimateSize (11 bytes)
Event: 5.364 Thread 0x000001dae404b270 nmethod 5686 0x000001da89cdae10 code [0x000001da89cdafc0, 0x000001da89cdb178]
Event: 5.366 Thread 0x000001dae404b270 5687       3       java.lang.reflect.Executable::getGenericParameterTypes (20 bytes)
Event: 5.366 Thread 0x000001dae404b270 nmethod 5687 0x000001da89cda390 code [0x000001da89cda5a0, 0x000001da89cdac98]
Event: 5.366 Thread 0x000001dae404b270 5689       3       java.lang.reflect.AccessibleObject::getAnnotations (5 bytes)
Event: 5.366 Thread 0x000001dae404b270 nmethod 5689 0x000001da89cd9f90 code [0x000001da89cda140, 0x000001da89cda308]
Event: 5.366 Thread 0x000001dae404b270 5688       1       com.google.inject.internal.ProviderInstanceBindingImpl::getUserSuppliedProvider (5 bytes)
Event: 5.366 Thread 0x000001dae404b270 nmethod 5688 0x000001da9110ce90 code [0x000001da9110d020, 0x000001da9110d0e8]
Event: 5.367 Thread 0x000001dae404b270 5690       3       java.lang.Class::getDeclaredConstructor (31 bytes)
Event: 5.368 Thread 0x000001dae404b270 nmethod 5690 0x000001da89cd9110 code [0x000001da89cd9380, 0x000001da89cd9be8]
Event: 5.372 Thread 0x000001dae404b270 5692       3       java.util.LinkedHashMap::valuesToArray (80 bytes)
Event: 5.372 Thread 0x000001dae404b270 nmethod 5692 0x000001da89cd8790 code [0x000001da89cd8960, 0x000001da89cd8ef8]
Event: 5.372 Thread 0x000001dae404b270 5691       3       java.util.HashMap::prepareArray (38 bytes)
Event: 5.373 Thread 0x000001dae404b270 nmethod 5691 0x000001da89cd7e10 code [0x000001da89cd8000, 0x000001da89cd85b0]
Event: 5.599 Thread 0x000001dae404b270 5694   !   3       org.eclipse.core.internal.jobs.JobListeners::waitAndSendEvents (445 bytes)

GC Heap History (20 events):
Event: 4.242 GC heap before
{Heap before GC invocations=14 (full 1):
 PSYoungGen      total 19456K, used 19195K [0x00000000d5580000, 0x00000000d6d80000, 0x0000000100000000)
  eden space 17920K, 100% used [0x00000000d5580000,0x00000000d6700000,0x00000000d6700000)
  from space 1536K, 83% used [0x00000000d6c00000,0x00000000d6d3eda0,0x00000000d6d80000)
  to   space 1536K, 0% used [0x00000000d6a80000,0x00000000d6a80000,0x00000000d6c00000)
 ParOldGen       total 68608K, used 25182K [0x0000000080000000, 0x0000000084300000, 0x00000000d5580000)
  object space 68608K, 36% used [0x0000000080000000,0x0000000081897be8,0x0000000084300000)
 Metaspace       used 27797K, committed 28672K, reserved 1114112K
  class space    used 2709K, committed 3072K, reserved 1048576K
}
Event: 4.244 GC heap after
{Heap after GC invocations=14 (full 1):
 PSYoungGen      total 19456K, used 1375K [0x00000000d5580000, 0x00000000d6c80000, 0x0000000100000000)
  eden space 17920K, 0% used [0x00000000d5580000,0x00000000d5580000,0x00000000d6700000)
  from space 1536K, 89% used [0x00000000d6a80000,0x00000000d6bd7df0,0x00000000d6c00000)
  to   space 512K, 0% used [0x00000000d6c00000,0x00000000d6c00000,0x00000000d6c80000)
 ParOldGen       total 68608K, used 26206K [0x0000000080000000, 0x0000000084300000, 0x00000000d5580000)
  object space 68608K, 38% used [0x0000000080000000,0x00000000819978e8,0x0000000084300000)
 Metaspace       used 27797K, committed 28672K, reserved 1114112K
  class space    used 2709K, committed 3072K, reserved 1048576K
}
Event: 4.480 GC heap before
{Heap before GC invocations=15 (full 1):
 PSYoungGen      total 19456K, used 19239K [0x00000000d5580000, 0x00000000d6c80000, 0x0000000100000000)
  eden space 17920K, 99% used [0x00000000d5580000,0x00000000d66f1f80,0x00000000d6700000)
  from space 1536K, 89% used [0x00000000d6a80000,0x00000000d6bd7df0,0x00000000d6c00000)
  to   space 512K, 0% used [0x00000000d6c00000,0x00000000d6c00000,0x00000000d6c80000)
 ParOldGen       total 68608K, used 26206K [0x0000000080000000, 0x0000000084300000, 0x00000000d5580000)
  object space 68608K, 38% used [0x0000000080000000,0x00000000819978e8,0x0000000084300000)
 Metaspace       used 30481K, committed 31488K, reserved 1114112K
  class space    used 3010K, committed 3456K, reserved 1048576K
}
Event: 4.482 GC heap after
{Heap after GC invocations=15 (full 1):
 PSYoungGen      total 18432K, used 506K [0x00000000d5580000, 0x00000000d6d00000, 0x0000000100000000)
  eden space 17920K, 0% used [0x00000000d5580000,0x00000000d5580000,0x00000000d6700000)
  from space 512K, 98% used [0x00000000d6c00000,0x00000000d6c7e828,0x00000000d6c80000)
  to   space 3072K, 0% used [0x00000000d6700000,0x00000000d6700000,0x00000000d6a00000)
 ParOldGen       total 68608K, used 28355K [0x0000000080000000, 0x0000000084300000, 0x00000000d5580000)
  object space 68608K, 41% used [0x0000000080000000,0x0000000081bb0c70,0x0000000084300000)
 Metaspace       used 30481K, committed 31488K, reserved 1114112K
  class space    used 3010K, committed 3456K, reserved 1048576K
}
Event: 4.544 GC heap before
{Heap before GC invocations=16 (full 1):
 PSYoungGen      total 18432K, used 18426K [0x00000000d5580000, 0x00000000d6d00000, 0x0000000100000000)
  eden space 17920K, 100% used [0x00000000d5580000,0x00000000d6700000,0x00000000d6700000)
  from space 512K, 98% used [0x00000000d6c00000,0x00000000d6c7e828,0x00000000d6c80000)
  to   space 3072K, 0% used [0x00000000d6700000,0x00000000d6700000,0x00000000d6a00000)
 ParOldGen       total 68608K, used 28355K [0x0000000080000000, 0x0000000084300000, 0x00000000d5580000)
  object space 68608K, 41% used [0x0000000080000000,0x0000000081bb0c70,0x0000000084300000)
 Metaspace       used 31407K, committed 32384K, reserved 1114112K
  class space    used 3111K, committed 3520K, reserved 1048576K
}
Event: 4.545 GC heap after
{Heap after GC invocations=16 (full 1):
 PSYoungGen      total 20992K, used 689K [0x00000000d5580000, 0x00000000d6c80000, 0x0000000100000000)
  eden space 17920K, 0% used [0x00000000d5580000,0x00000000d5580000,0x00000000d6700000)
  from space 3072K, 22% used [0x00000000d6700000,0x00000000d67ac460,0x00000000d6a00000)
  to   space 1536K, 0% used [0x00000000d6b00000,0x00000000d6b00000,0x00000000d6c80000)
 ParOldGen       total 68608K, used 28878K [0x0000000080000000, 0x0000000084300000, 0x00000000d5580000)
  object space 68608K, 42% used [0x0000000080000000,0x0000000081c338b8,0x0000000084300000)
 Metaspace       used 31407K, committed 32384K, reserved 1114112K
  class space    used 3111K, committed 3520K, reserved 1048576K
}
Event: 4.640 GC heap before
{Heap before GC invocations=17 (full 1):
 PSYoungGen      total 20992K, used 18609K [0x00000000d5580000, 0x00000000d6c80000, 0x0000000100000000)
  eden space 17920K, 100% used [0x00000000d5580000,0x00000000d6700000,0x00000000d6700000)
  from space 3072K, 22% used [0x00000000d6700000,0x00000000d67ac460,0x00000000d6a00000)
  to   space 1536K, 0% used [0x00000000d6b00000,0x00000000d6b00000,0x00000000d6c80000)
 ParOldGen       total 68608K, used 28878K [0x0000000080000000, 0x0000000084300000, 0x00000000d5580000)
  object space 68608K, 42% used [0x0000000080000000,0x0000000081c338b8,0x0000000084300000)
 Metaspace       used 33276K, committed 34368K, reserved 1114112K
  class space    used 3358K, committed 3840K, reserved 1048576K
}
Event: 4.641 GC heap after
{Heap after GC invocations=17 (full 1):
 PSYoungGen      total 19456K, used 1520K [0x00000000d5580000, 0x00000000d6d00000, 0x0000000100000000)
  eden space 17920K, 0% used [0x00000000d5580000,0x00000000d5580000,0x00000000d6700000)
  from space 1536K, 98% used [0x00000000d6b00000,0x00000000d6c7c010,0x00000000d6c80000)
  to   space 3072K, 0% used [0x00000000d6700000,0x00000000d6700000,0x00000000d6a00000)
 ParOldGen       total 68608K, used 29837K [0x0000000080000000, 0x0000000084300000, 0x00000000d5580000)
  object space 68608K, 43% used [0x0000000080000000,0x0000000081d237b0,0x0000000084300000)
 Metaspace       used 33276K, committed 34368K, reserved 1114112K
  class space    used 3358K, committed 3840K, reserved 1048576K
}
Event: 4.716 GC heap before
{Heap before GC invocations=18 (full 1):
 PSYoungGen      total 19456K, used 19440K [0x00000000d5580000, 0x00000000d6d00000, 0x0000000100000000)
  eden space 17920K, 100% used [0x00000000d5580000,0x00000000d6700000,0x00000000d6700000)
  from space 1536K, 98% used [0x00000000d6b00000,0x00000000d6c7c010,0x00000000d6c80000)
  to   space 3072K, 0% used [0x00000000d6700000,0x00000000d6700000,0x00000000d6a00000)
 ParOldGen       total 68608K, used 29837K [0x0000000080000000, 0x0000000084300000, 0x00000000d5580000)
  object space 68608K, 43% used [0x0000000080000000,0x0000000081d237b0,0x0000000084300000)
 Metaspace       used 34356K, committed 35456K, reserved 1114112K
  class space    used 3500K, committed 3968K, reserved 1048576K
}
Event: 4.717 GC heap after
{Heap after GC invocations=18 (full 1):
 PSYoungGen      total 20992K, used 800K [0x00000000d5580000, 0x00000000d6b80000, 0x0000000100000000)
  eden space 17920K, 0% used [0x00000000d5580000,0x00000000d5580000,0x00000000d6700000)
  from space 3072K, 26% used [0x00000000d6700000,0x00000000d67c8000,0x00000000d6a00000)
  to   space 1536K, 0% used [0x00000000d6a00000,0x00000000d6a00000,0x00000000d6b80000)
 ParOldGen       total 68608K, used 31308K [0x0000000080000000, 0x0000000084300000, 0x00000000d5580000)
  object space 68608K, 45% used [0x0000000080000000,0x0000000081e93088,0x0000000084300000)
 Metaspace       used 34356K, committed 35456K, reserved 1114112K
  class space    used 3500K, committed 3968K, reserved 1048576K
}
Event: 4.747 GC heap before
{Heap before GC invocations=19 (full 1):
 PSYoungGen      total 20992K, used 8170K [0x00000000d5580000, 0x00000000d6b80000, 0x0000000100000000)
  eden space 17920K, 41% used [0x00000000d5580000,0x00000000d5cb2a50,0x00000000d6700000)
  from space 3072K, 26% used [0x00000000d6700000,0x00000000d67c8000,0x00000000d6a00000)
  to   space 1536K, 0% used [0x00000000d6a00000,0x00000000d6a00000,0x00000000d6b80000)
 ParOldGen       total 68608K, used 31308K [0x0000000080000000, 0x0000000084300000, 0x00000000d5580000)
  object space 68608K, 45% used [0x0000000080000000,0x0000000081e93088,0x0000000084300000)
 Metaspace       used 34763K, committed 35840K, reserved 1114112K
  class space    used 3554K, committed 4032K, reserved 1048576K
}
Event: 4.748 GC heap after
{Heap after GC invocations=19 (full 1):
 PSYoungGen      total 18944K, used 544K [0x00000000d5580000, 0x00000000d6b00000, 0x0000000100000000)
  eden space 17920K, 0% used [0x00000000d5580000,0x00000000d5580000,0x00000000d6700000)
  from space 1024K, 53% used [0x00000000d6a00000,0x00000000d6a88000,0x00000000d6b00000)
  to   space 1024K, 0% used [0x00000000d6900000,0x00000000d6900000,0x00000000d6a00000)
 ParOldGen       total 68608K, used 31884K [0x0000000080000000, 0x0000000084300000, 0x00000000d5580000)
  object space 68608K, 46% used [0x0000000080000000,0x0000000081f23088,0x0000000084300000)
 Metaspace       used 34763K, committed 35840K, reserved 1114112K
  class space    used 3554K, committed 4032K, reserved 1048576K
}
Event: 4.748 GC heap before
{Heap before GC invocations=20 (full 2):
 PSYoungGen      total 18944K, used 544K [0x00000000d5580000, 0x00000000d6b00000, 0x0000000100000000)
  eden space 17920K, 0% used [0x00000000d5580000,0x00000000d5580000,0x00000000d6700000)
  from space 1024K, 53% used [0x00000000d6a00000,0x00000000d6a88000,0x00000000d6b00000)
  to   space 1024K, 0% used [0x00000000d6900000,0x00000000d6900000,0x00000000d6a00000)
 ParOldGen       total 68608K, used 31884K [0x0000000080000000, 0x0000000084300000, 0x00000000d5580000)
  object space 68608K, 46% used [0x0000000080000000,0x0000000081f23088,0x0000000084300000)
 Metaspace       used 34763K, committed 35840K, reserved 1114112K
  class space    used 3554K, committed 4032K, reserved 1048576K
}
Event: 4.778 GC heap after
{Heap after GC invocations=20 (full 2):
 PSYoungGen      total 18944K, used 0K [0x00000000d5580000, 0x00000000d6b00000, 0x0000000100000000)
  eden space 17920K, 0% used [0x00000000d5580000,0x00000000d5580000,0x00000000d6700000)
  from space 1024K, 0% used [0x00000000d6a00000,0x00000000d6a00000,0x00000000d6b00000)
  to   space 1024K, 0% used [0x00000000d6900000,0x00000000d6900000,0x00000000d6a00000)
 ParOldGen       total 68608K, used 30508K [0x0000000080000000, 0x0000000084300000, 0x00000000d5580000)
  object space 68608K, 44% used [0x0000000080000000,0x0000000081dcb3f0,0x0000000084300000)
 Metaspace       used 34763K, committed 35840K, reserved 1114112K
  class space    used 3554K, committed 4032K, reserved 1048576K
}
Event: 4.890 GC heap before
{Heap before GC invocations=21 (full 2):
 PSYoungGen      total 18944K, used 17920K [0x00000000d5580000, 0x00000000d6b00000, 0x0000000100000000)
  eden space 17920K, 100% used [0x00000000d5580000,0x00000000d6700000,0x00000000d6700000)
  from space 1024K, 0% used [0x00000000d6a00000,0x00000000d6a00000,0x00000000d6b00000)
  to   space 1024K, 0% used [0x00000000d6900000,0x00000000d6900000,0x00000000d6a00000)
 ParOldGen       total 68608K, used 30508K [0x0000000080000000, 0x0000000084300000, 0x00000000d5580000)
  object space 68608K, 44% used [0x0000000080000000,0x0000000081dcb3f0,0x0000000084300000)
 Metaspace       used 36663K, committed 37760K, reserved 1114112K
  class space    used 3802K, committed 4224K, reserved 1048576K
}
Event: 4.891 GC heap after
{Heap after GC invocations=21 (full 2):
 PSYoungGen      total 18944K, used 1024K [0x00000000d5580000, 0x00000000d6a80000, 0x0000000100000000)
  eden space 17920K, 0% used [0x00000000d5580000,0x00000000d5580000,0x00000000d6700000)
  from space 1024K, 100% used [0x00000000d6900000,0x00000000d6a00000,0x00000000d6a00000)
  to   space 512K, 0% used [0x00000000d6a00000,0x00000000d6a00000,0x00000000d6a80000)
 ParOldGen       total 68608K, used 30740K [0x0000000080000000, 0x0000000084300000, 0x00000000d5580000)
  object space 68608K, 44% used [0x0000000080000000,0x0000000081e053f0,0x0000000084300000)
 Metaspace       used 36663K, committed 37760K, reserved 1114112K
  class space    used 3802K, committed 4224K, reserved 1048576K
}
Event: 5.064 GC heap before
{Heap before GC invocations=22 (full 2):
 PSYoungGen      total 18944K, used 18944K [0x00000000d5580000, 0x00000000d6a80000, 0x0000000100000000)
  eden space 17920K, 100% used [0x00000000d5580000,0x00000000d6700000,0x00000000d6700000)
  from space 1024K, 100% used [0x00000000d6900000,0x00000000d6a00000,0x00000000d6a00000)
  to   space 512K, 0% used [0x00000000d6a00000,0x00000000d6a00000,0x00000000d6a80000)
 ParOldGen       total 68608K, used 30740K [0x0000000080000000, 0x0000000084300000, 0x00000000d5580000)
  object space 68608K, 44% used [0x0000000080000000,0x0000000081e053f0,0x0000000084300000)
 Metaspace       used 37685K, committed 38784K, reserved 1114112K
  class space    used 3940K, committed 4416K, reserved 1048576K
}
Event: 5.065 GC heap after
{Heap after GC invocations=22 (full 2):
 PSYoungGen      total 18432K, used 512K [0x00000000d5580000, 0x00000000d6a80000, 0x0000000100000000)
  eden space 17920K, 0% used [0x00000000d5580000,0x00000000d5580000,0x00000000d6700000)
  from space 512K, 100% used [0x00000000d6a00000,0x00000000d6a80000,0x00000000d6a80000)
  to   space 1536K, 0% used [0x00000000d6780000,0x00000000d6780000,0x00000000d6900000)
 ParOldGen       total 68608K, used 31341K [0x0000000080000000, 0x0000000084300000, 0x00000000d5580000)
  object space 68608K, 45% used [0x0000000080000000,0x0000000081e9b400,0x0000000084300000)
 Metaspace       used 37685K, committed 38784K, reserved 1114112K
  class space    used 3940K, committed 4416K, reserved 1048576K
}
Event: 5.247 GC heap before
{Heap before GC invocations=23 (full 2):
 PSYoungGen      total 18432K, used 18432K [0x00000000d5580000, 0x00000000d6a80000, 0x0000000100000000)
  eden space 17920K, 100% used [0x00000000d5580000,0x00000000d6700000,0x00000000d6700000)
  from space 512K, 100% used [0x00000000d6a00000,0x00000000d6a80000,0x00000000d6a80000)
  to   space 1536K, 0% used [0x00000000d6780000,0x00000000d6780000,0x00000000d6900000)
 ParOldGen       total 68608K, used 31341K [0x0000000080000000, 0x0000000084300000, 0x00000000d5580000)
  object space 68608K, 45% used [0x0000000080000000,0x0000000081e9b400,0x0000000084300000)
 Metaspace       used 39097K, committed 40192K, reserved 1114112K
  class space    used 4126K, committed 4608K, reserved 1048576K
}
Event: 5.248 GC heap after
{Heap after GC invocations=23 (full 2):
 PSYoungGen      total 19456K, used 640K [0x00000000d5580000, 0x00000000d6a80000, 0x0000000100000000)
  eden space 17920K, 0% used [0x00000000d5580000,0x00000000d5580000,0x00000000d6700000)
  from space 1536K, 41% used [0x00000000d6780000,0x00000000d6820000,0x00000000d6900000)
  to   space 1024K, 0% used [0x00000000d6980000,0x00000000d6980000,0x00000000d6a80000)
 ParOldGen       total 68608K, used 31733K [0x0000000080000000, 0x0000000084300000, 0x00000000d5580000)
  object space 68608K, 46% used [0x0000000080000000,0x0000000081efd400,0x0000000084300000)
 Metaspace       used 39097K, committed 40192K, reserved 1114112K
  class space    used 4126K, committed 4608K, reserved 1048576K
}

Dll operation events (10 events):
Event: 0.009 Loaded shared library c:\Users\nitin\.vscode\extensions\redhat.java-1.47.0-win32-x64\jre\21.0.8-win32-x86_64\bin\java.dll
Event: 0.067 Loaded shared library c:\Users\nitin\.vscode\extensions\redhat.java-1.47.0-win32-x64\jre\21.0.8-win32-x86_64\bin\zip.dll
Event: 0.085 Loaded shared library C:\Users\nitin\.vscode\extensions\redhat.java-1.47.0-win32-x64\jre\21.0.8-win32-x86_64\bin\instrument.dll
Event: 0.090 Loaded shared library C:\Users\nitin\.vscode\extensions\redhat.java-1.47.0-win32-x64\jre\21.0.8-win32-x86_64\bin\net.dll
Event: 0.092 Loaded shared library C:\Users\nitin\.vscode\extensions\redhat.java-1.47.0-win32-x64\jre\21.0.8-win32-x86_64\bin\nio.dll
Event: 0.095 Loaded shared library C:\Users\nitin\.vscode\extensions\redhat.java-1.47.0-win32-x64\jre\21.0.8-win32-x86_64\bin\zip.dll
Event: 0.110 Loaded shared library C:\Users\nitin\.vscode\extensions\redhat.java-1.47.0-win32-x64\jre\21.0.8-win32-x86_64\bin\jimage.dll
Event: 0.185 Loaded shared library c:\Users\nitin\.vscode\extensions\redhat.java-1.47.0-win32-x64\jre\21.0.8-win32-x86_64\bin\verify.dll
Event: 1.148 Loaded shared library C:\Users\nitin\AppData\Roaming\Code\User\globalStorage\redhat.java\1.47.0\config_win\org.eclipse.equinox.launcher\org.eclipse.equinox.launcher.win32.win32.x86_64_1.2.1400.v20250801-0854\eclipse_11916.dll
Event: 2.672 Loaded shared library C:\Users\nitin\AppData\Local\Temp\jna-104830206\jna7123086725974124028.dll

Deoptimization events (20 events):
Event: 4.919 Thread 0x000001dae4d411a0 Uncommon trap: trap_request=0xffffff45 fr.pc=0x000001da9117cc50 relative=0x0000000000000890
Event: 4.919 Thread 0x000001dae4d411a0 Uncommon trap: reason=unstable_if action=reinterpret pc=0x000001da9117cc50 method=jdk.internal.org.objectweb.asm.SymbolTable.put(Ljdk/internal/org/objectweb/asm/SymbolTable$Entry;)Ljdk/internal/org/objectweb/asm/SymbolTable$Entry; @ 13 c2
Event: 4.919 Thread 0x000001dae4d411a0 DEOPT PACKING pc=0x000001da9117cc50 sp=0x000000c695afd5a0
Event: 4.919 Thread 0x000001dae4d411a0 DEOPT UNPACKING pc=0x000001da90b83aa2 sp=0x000000c695afd4b8 mode 2
Event: 4.942 Thread 0x000001dae4d411a0 Uncommon trap: trap_request=0xffffff45 fr.pc=0x000001da91236fc0 relative=0x00000000000007e0
Event: 4.942 Thread 0x000001dae4d411a0 Uncommon trap: reason=unstable_if action=reinterpret pc=0x000001da91236fc0 method=java.io.BufferedInputStream.implRead([BII)I @ 30 c2
Event: 4.942 Thread 0x000001dae4d411a0 DEOPT PACKING pc=0x000001da91236fc0 sp=0x000000c695afdf90
Event: 4.942 Thread 0x000001dae4d411a0 DEOPT UNPACKING pc=0x000001da90b83aa2 sp=0x000000c695afdf68 mode 2
Event: 4.958 Thread 0x000001dae4d411a0 Uncommon trap: trap_request=0xffffff45 fr.pc=0x000001da9120d7d4 relative=0x0000000000000134
Event: 4.958 Thread 0x000001dae4d411a0 Uncommon trap: reason=unstable_if action=reinterpret pc=0x000001da9120d7d4 method=java.util.ArrayList.indexOfRange(Ljava/lang/Object;II)I @ 7 c2
Event: 4.958 Thread 0x000001dae4d411a0 DEOPT PACKING pc=0x000001da9120d7d4 sp=0x000000c695afe210
Event: 4.958 Thread 0x000001dae4d411a0 DEOPT UNPACKING pc=0x000001da90b83aa2 sp=0x000000c695afe0d0 mode 2
Event: 4.967 Thread 0x000001dae4d411a0 Uncommon trap: trap_request=0xffffff45 fr.pc=0x000001da911fa630 relative=0x0000000000000110
Event: 4.967 Thread 0x000001dae4d411a0 Uncommon trap: reason=unstable_if action=reinterpret pc=0x000001da911fa630 method=java.util.ArrayList.indexOfRange(Ljava/lang/Object;II)I @ 7 c2
Event: 4.967 Thread 0x000001dae4d411a0 DEOPT PACKING pc=0x000001da911fa630 sp=0x000000c695afe130
Event: 4.967 Thread 0x000001dae4d411a0 DEOPT UNPACKING pc=0x000001da90b83aa2 sp=0x000000c695afe0d0 mode 2
Event: 4.995 Thread 0x000001dae4d411a0 DEOPT PACKING pc=0x000001da898336c0 sp=0x000000c695afe0a0
Event: 4.995 Thread 0x000001dae4d411a0 DEOPT UNPACKING pc=0x000001da90b84242 sp=0x000000c695afd5e8 mode 0
Event: 5.084 Thread 0x000001dae4d411a0 DEOPT PACKING pc=0x000001da897f01d3 sp=0x000000c695afdea0
Event: 5.084 Thread 0x000001dae4d411a0 DEOPT UNPACKING pc=0x000001da90b84242 sp=0x000000c695afd310 mode 0

Classes loaded (20 events):
Event: 4.832 Loading class sun/reflect/annotation/AnnotatedTypeFactory$AnnotatedTypeBaseImpl
Event: 4.832 Loading class sun/reflect/annotation/AnnotatedTypeFactory$AnnotatedTypeBaseImpl done
Event: 4.887 Loading class java/lang/annotation/ElementType
Event: 4.887 Loading class java/lang/annotation/ElementType done
Event: 4.910 Loading class sun/nio/ch/WindowsAsynchronousFileChannelImpl$WriteTask
Event: 4.910 Loading class sun/nio/ch/WindowsAsynchronousFileChannelImpl$WriteTask done
Event: 4.939 Loading class java/lang/annotation/IncompleteAnnotationException
Event: 4.939 Loading class java/lang/annotation/IncompleteAnnotationException done
Event: 4.983 Loading class java/lang/foreign/MemorySegment
Event: 4.984 Loading class java/lang/foreign/MemorySegment done
Event: 5.212 Loading class sun/reflect/annotation/AnnotatedTypeFactory$AnnotatedParameterizedTypeImpl
Event: 5.212 Loading class java/lang/reflect/AnnotatedParameterizedType
Event: 5.212 Loading class java/lang/reflect/AnnotatedParameterizedType done
Event: 5.212 Loading class sun/reflect/annotation/AnnotatedTypeFactory$AnnotatedParameterizedTypeImpl done
Event: 5.307 Loading class sun/reflect/generics/scope/ConstructorScope
Event: 5.307 Loading class sun/reflect/generics/scope/ConstructorScope done
Event: 5.308 Loading class sun/reflect/generics/tree/VoidDescriptor
Event: 5.308 Loading class sun/reflect/generics/tree/VoidDescriptor done
Event: 5.350 Loading class java/util/concurrent/CompletionService
Event: 5.350 Loading class java/util/concurrent/CompletionService done

Classes unloaded (7 events):
Event: 3.667 Thread 0x000001da9cbe4530 Unloading class 0x000001da9e1b0c00 'java/lang/invoke/LambdaForm$MH+0x000001da9e1b0c00'
Event: 3.667 Thread 0x000001da9cbe4530 Unloading class 0x000001da9e1b0800 'java/lang/invoke/LambdaForm$MH+0x000001da9e1b0800'
Event: 3.667 Thread 0x000001da9cbe4530 Unloading class 0x000001da9e1b0400 'java/lang/invoke/LambdaForm$MH+0x000001da9e1b0400'
Event: 3.667 Thread 0x000001da9cbe4530 Unloading class 0x000001da9e1b0000 'java/lang/invoke/LambdaForm$MH+0x000001da9e1b0000'
Event: 3.667 Thread 0x000001da9cbe4530 Unloading class 0x000001da9e1afc00 'java/lang/invoke/LambdaForm$BMH+0x000001da9e1afc00'
Event: 3.667 Thread 0x000001da9cbe4530 Unloading class 0x000001da9e1af800 'java/lang/invoke/LambdaForm$DMH+0x000001da9e1af800'
Event: 3.667 Thread 0x000001da9cbe4530 Unloading class 0x000001da9e1ae400 'java/lang/invoke/LambdaForm$DMH+0x000001da9e1ae400'

Classes redefined (0 events):
No events

Internal exceptions (20 events):
Event: 4.548 Thread 0x000001da8640c660 Exception <a 'java/lang/NoSuchMethodError'{0x00000000d5679010}: 'java.lang.Object java.lang.invoke.DirectMethodHandle$Holder.newInvokeSpecial(java.lang.Object, long)'> (0x00000000d5679010) 
thrown [s\src\hotspot\share\interpreter\linkResolver.cpp, line 773]
Event: 4.574 Thread 0x000001dae4d3fdf0 Exception <a 'java/io/FileNotFoundException'{0x00000000d5bbd568}> (0x00000000d5bbd568) 
thrown [s\src\hotspot\share\prims\jni.cpp, line 520]
Event: 4.622 Thread 0x000001dae4d411a0 Exception <a 'java/lang/NoSuchMethodError'{0x00000000d63b70c8}: 'java.lang.Object java.lang.invoke.DirectMethodHandle$Holder.invokeStaticInit(java.lang.Object, java.lang.Object, java.lang.Object, java.lang.Object, java.lang.Object, java.lang.Object, java.lang.Object)'> (0x00000000d63b70c8) 
thrown [s\src\hotspot\share\interpreter\linkResolver.cpp, line 773]
Event: 4.622 Thread 0x000001dae4d411a0 Exception <a 'java/lang/NoSuchMethodError'{0x00000000d63d0990}: 'java.lang.Object java.lang.invoke.Invokers$Holder.invoke_MT(java.lang.Object, java.lang.Object, java.lang.Object, java.lang.Object, java.lang.Object, java.lang.Object, java.lang.Object, java.lang.Object, java.lang.Object)'> (0x00000000d63d0990) 
thrown [s\src\hotspot\share\interpreter\linkResolver.cpp, line 773]
Event: 4.627 Thread 0x000001dae4d411a0 Exception <a 'java/lang/NoSuchMethodError'{0x00000000d64a06d8}: 'int java.lang.invoke.DirectMethodHandle$Holder.invokeVirtual(java.lang.Object, java.lang.Object, java.lang.Object)'> (0x00000000d64a06d8) 
thrown [s\src\hotspot\share\interpreter\linkResolver.cpp, line 773]
Event: 4.628 Thread 0x000001dae4d411a0 Exception <a 'java/lang/NoSuchMethodError'{0x00000000d64b9ca8}: 'int java.lang.invoke.DirectMethodHandle$Holder.invokeStaticInit(java.lang.Object, int, int)'> (0x00000000d64b9ca8) 
thrown [s\src\hotspot\share\interpreter\linkResolver.cpp, line 773]
Event: 4.628 Thread 0x000001dae4d411a0 Exception <a 'java/lang/NoSuchMethodError'{0x00000000d64ca080}: 'int java.lang.invoke.DirectMethodHandle$Holder.invokeStaticInit(java.lang.Object, long, long)'> (0x00000000d64ca080) 
thrown [s\src\hotspot\share\interpreter\linkResolver.cpp, line 773]
Event: 4.629 Thread 0x000001dae4d411a0 Exception <a 'java/lang/NoSuchMethodError'{0x00000000d64e1510}: 'int java.lang.invoke.DirectMethodHandle$Holder.invokeStaticInit(java.lang.Object, float, float)'> (0x00000000d64e1510) 
thrown [s\src\hotspot\share\interpreter\linkResolver.cpp, line 773]
Event: 4.630 Thread 0x000001dae4d411a0 Exception <a 'java/lang/NoSuchMethodError'{0x00000000d64ffaf0}: 'int java.lang.invoke.DirectMethodHandle$Holder.invokeStaticInit(java.lang.Object, double, double)'> (0x00000000d64ffaf0) 
thrown [s\src\hotspot\share\interpreter\linkResolver.cpp, line 773]
Event: 4.630 Thread 0x000001dae4d411a0 Exception <a 'java/lang/NoSuchMethodError'{0x00000000d6504058}: 'int java.lang.invoke.DirectMethodHandle$Holder.invokeStatic(java.lang.Object, long)'> (0x00000000d6504058) 
thrown [s\src\hotspot\share\interpreter\linkResolver.cpp, line 773]
Event: 4.633 Thread 0x000001dae4d411a0 Exception <a 'java/lang/NoSuchMethodError'{0x00000000d6596338}: 'int java.lang.invoke.Invokers$Holder.linkToTargetMethod(java.lang.Object, java.lang.Object)'> (0x00000000d6596338) 
thrown [s\src\hotspot\share\interpreter\linkResolver.cpp, line 773]
Event: 4.672 Thread 0x000001dae4d411a0 Exception <a 'java/lang/NoSuchMethodError'{0x00000000d5c71d20}: 'java.lang.Object java.lang.invoke.DirectMethodHandle$Holder.invokeSpecialIFC(java.lang.Object, java.lang.Object, java.lang.Object, java.lang.Object)'> (0x00000000d5c71d20) 
thrown [s\src\hotspot\share\interpreter\linkResolver.cpp, line 773]
Event: 4.742 Thread 0x000001da8640c660 Exception <a 'java/lang/NoSuchMethodError'{0x00000000d5bce178}: 'void java.lang.invoke.DirectMethodHandle$Holder.invokeSpecial(java.lang.Object, java.lang.Object, java.lang.Object, java.lang.Object, java.lang.Object, java.lang.Object)'> (0x00000000d5bce178) 
thrown [s\src\hotspot\share\interpreter\linkResolver.cpp, line 773]
Event: 4.743 Thread 0x000001da8640c660 Exception <a 'java/lang/IncompatibleClassChangeError'{0x00000000d5c06b80}: Found class java.lang.Object, but interface was expected> (0x00000000d5c06b80) 
thrown [s\src\hotspot\share\interpreter\linkResolver.cpp, line 840]
Event: 4.744 Thread 0x000001da8640c660 Exception <a 'java/lang/IncompatibleClassChangeError'{0x00000000d5c08a80}: Found class java.lang.Object, but interface was expected> (0x00000000d5c08a80) 
thrown [s\src\hotspot\share\interpreter\linkResolver.cpp, line 840]
Event: 4.780 Thread 0x000001dae4d42550 Exception <a 'java/lang/NoSuchMethodError'{0x00000000d55ab130}: 'int java.lang.invoke.DirectMethodHandle$Holder.invokeSpecial(java.lang.Object, java.lang.Object, java.lang.Object, java.lang.Object)'> (0x00000000d55ab130) 
thrown [s\src\hotspot\share\interpreter\linkResolver.cpp, line 773]
Event: 4.781 Thread 0x000001dae4d42550 Exception <a 'java/lang/NoSuchMethodError'{0x00000000d5626520}: 'java.lang.Object java.lang.invoke.DirectMethodHandle$Holder.invokeStatic(java.lang.Object, int, java.lang.Object, java.lang.Object)'> (0x00000000d5626520) 
thrown [s\src\hotspot\share\interpreter\linkResolver.cpp, line 773]
Event: 4.782 Thread 0x000001dae4d42550 Exception <a 'java/lang/NoSuchMethodError'{0x00000000d56656e0}: 'java.lang.Object java.lang.invoke.DelegatingMethodHandle$Holder.delegate(java.lang.Object, int, java.lang.Object, java.lang.Object)'> (0x00000000d56656e0) 
thrown [s\src\hotspot\share\interpreter\linkResolver.cpp, line 773]
Event: 4.784 Thread 0x000001dae4d42550 Exception <a 'java/lang/NoSuchMethodError'{0x00000000d56c7fd0}: 'int java.lang.invoke.Invokers$Holder.linkToTargetMethod(java.lang.Object, java.lang.Object, java.lang.Object)'> (0x00000000d56c7fd0) 
thrown [s\src\hotspot\share\interpreter\linkResolver.cpp, line 773]
Event: 4.940 Thread 0x000001dae4d411a0 Exception <a 'java/lang/NoClassDefFoundError'{0x00000000d5aa4268}: javax/enterprise/inject/Typed> (0x00000000d5aa4268) 
thrown [s\src\hotspot\share\classfile\systemDictionary.cpp, line 301]

ZGC Phase Switch (0 events):
No events

VM Operations (20 events):
Event: 4.638 Executing VM operation: HandshakeAllThreads (Deoptimize) done
Event: 4.640 Executing VM operation: ParallelGCFailedAllocation (Allocation Failure)
Event: 4.641 Executing VM operation: ParallelGCFailedAllocation (Allocation Failure) done
Event: 4.716 Executing VM operation: ParallelGCFailedAllocation (Allocation Failure)
Event: 4.717 Executing VM operation: ParallelGCFailedAllocation (Allocation Failure) done
Event: 4.747 Executing VM operation: CollectForMetadataAllocation (Metadata GC Threshold)
Event: 4.778 Executing VM operation: CollectForMetadataAllocation (Metadata GC Threshold) done
Event: 4.890 Executing VM operation: ParallelGCFailedAllocation (Allocation Failure)
Event: 4.891 Executing VM operation: ParallelGCFailedAllocation (Allocation Failure) done
Event: 4.933 Executing VM operation: HandshakeAllThreads (Deoptimize)
Event: 4.933 Executing VM operation: HandshakeAllThreads (Deoptimize) done
Event: 5.064 Executing VM operation: ParallelGCFailedAllocation (Allocation Failure)
Event: 5.065 Executing VM operation: ParallelGCFailedAllocation (Allocation Failure) done
Event: 5.247 Executing VM operation: ParallelGCFailedAllocation (Allocation Failure)
Event: 5.248 Executing VM operation: ParallelGCFailedAllocation (Allocation Failure) done
Event: 5.250 Executing VM operation: HandshakeAllThreads (Deoptimize)
Event: 5.250 Executing VM operation: HandshakeAllThreads (Deoptimize) done
Event: 5.270 Executing VM operation: HandshakeAllThreads (Deoptimize)
Event: 5.270 Executing VM operation: HandshakeAllThreads (Deoptimize) done
Event: 6.272 Executing VM operation: Cleanup

Memory protections (0 events):
No events

Nmethod flushes (20 events):
Event: 4.764 Thread 0x000001da9cbe4530 flushing  nmethod 0x000001da89c72190
Event: 4.764 Thread 0x000001da9cbe4530 flushing  nmethod 0x000001da89c90c90
Event: 4.764 Thread 0x000001da9cbe4530 flushing  nmethod 0x000001da89ccf110
Event: 4.764 Thread 0x000001da9cbe4530 flushing  nmethod 0x000001da89ccf510
Event: 4.764 Thread 0x000001da9cbe4530 flushing  nmethod 0x000001da89ccfe10
Event: 4.764 Thread 0x000001da9cbe4530 flushing  nmethod 0x000001da89cd1010
Event: 4.764 Thread 0x000001da9cbe4530 flushing  nmethod 0x000001da89cd1d90
Event: 4.764 Thread 0x000001da9cbe4530 flushing  nmethod 0x000001da89cd2510
Event: 4.764 Thread 0x000001da9cbe4530 flushing  nmethod 0x000001da89cd3a90
Event: 4.764 Thread 0x000001da9cbe4530 flushing  nmethod 0x000001da89cd4390
Event: 4.764 Thread 0x000001da9cbe4530 flushing  nmethod 0x000001da89cd5c90
Event: 4.764 Thread 0x000001da9cbe4530 flushing  nmethod 0x000001da89cd6110
Event: 4.764 Thread 0x000001da9cbe4530 flushing  nmethod 0x000001da89cd6610
Event: 4.764 Thread 0x000001da9cbe4530 flushing  nmethod 0x000001da89ce0190
Event: 4.764 Thread 0x000001da9cbe4530 flushing  nmethod 0x000001da89ce1310
Event: 4.764 Thread 0x000001da9cbe4530 flushing  nmethod 0x000001da89cf8d10
Event: 4.764 Thread 0x000001da9cbe4530 flushing  nmethod 0x000001da89d02090
Event: 4.764 Thread 0x000001da9cbe4530 flushing  nmethod 0x000001da89d15b90
Event: 4.764 Thread 0x000001da9cbe4530 flushing  nmethod 0x000001da89d1da10
Event: 4.764 Thread 0x000001da9cbe4530 flushing  nmethod 0x000001da89d4a410

Events (20 events):
Event: 4.200 Thread 0x000001dae404b270 Thread added: 0x000001dae45f6b20
Event: 4.229 Thread 0x000001dae411eea0 Thread added: 0x000001dae4d43f90
Event: 4.518 Thread 0x000001dae4d40b10 Thread added: 0x000001dae4d411a0
Event: 4.557 Thread 0x000001da8640c660 Thread added: 0x000001dae4d44620
Event: 4.557 Thread 0x000001da8640c660 Thread added: 0x000001dae4d44cb0
Event: 4.557 Thread 0x000001da8640c660 Thread added: 0x000001dae4d41ec0
Event: 4.557 Thread 0x000001da8640c660 Thread added: 0x000001dae4d43900
Event: 4.557 Thread 0x000001da8640c660 Thread added: 0x000001dae4d42be0
Event: 4.558 Thread 0x000001da8640c660 Thread added: 0x000001dae4d43270
Event: 4.558 Thread 0x000001da8640c660 Thread added: 0x000001dae4d41830
Event: 4.558 Thread 0x000001da8640c660 Thread added: 0x000001dae4d459d0
Event: 4.558 Thread 0x000001da8640c660 Thread added: 0x000001dae4d45340
Event: 4.558 Thread 0x000001da8640c660 Thread added: 0x000001dae4d46060
Event: 4.558 Thread 0x000001da8640c660 Thread added: 0x000001dae4d466f0
Event: 4.558 Thread 0x000001da8640c660 Thread added: 0x000001dae7974060
Event: 4.558 Thread 0x000001da8640c660 Thread added: 0x000001dae79774e0
Event: 4.590 Thread 0x000001da8640c660 Thread added: 0x000001dae7974d80
Event: 4.779 Thread 0x000001dae4d42550 Thread added: 0x000001dae7977b70
Event: 4.797 Thread 0x000001da8640c660 Thread added: 0x000001dae7975410
Event: 4.797 Thread 0x000001da8640c660 Thread added: 0x000001dae7976e50


Dynamic libraries:
0x00007ff7f2170000 - 0x00007ff7f217e000 	c:\Users\nitin\.vscode\extensions\redhat.java-1.47.0-win32-x64\jre\21.0.8-win32-x86_64\bin\java.exe
0x00007ffcb6dc0000 - 0x00007ffcb7028000 	C:\WINDOWS\SYSTEM32\ntdll.dll
0x00007ffcb5f70000 - 0x00007ffcb6039000 	C:\WINDOWS\System32\KERNEL32.DLL
0x00007ffcb4480000 - 0x00007ffcb4878000 	C:\WINDOWS\System32\KERNELBASE.dll
0x00007ffcb4330000 - 0x00007ffcb447b000 	C:\WINDOWS\System32\ucrtbase.dll
0x00007ffca2680000 - 0x00007ffca269e000 	c:\Users\nitin\.vscode\extensions\redhat.java-1.47.0-win32-x64\jre\21.0.8-win32-x86_64\bin\VCRUNTIME140.dll
0x00007ffc9f570000 - 0x00007ffc9f588000 	c:\Users\nitin\.vscode\extensions\redhat.java-1.47.0-win32-x64\jre\21.0.8-win32-x86_64\bin\jli.dll
0x00007ffcb6ac0000 - 0x00007ffcb6c87000 	C:\WINDOWS\System32\USER32.dll
0x00007ffca2e70000 - 0x00007ffca3104000 	C:\WINDOWS\WinSxS\amd64_microsoft.windows.common-controls_6595b64144ccf1df_6.0.26100.7019_none_3e06ffa0e335b8a8\COMCTL32.dll
0x00007ffcb4140000 - 0x00007ffcb4167000 	C:\WINDOWS\System32\win32u.dll
0x00007ffcb5300000 - 0x00007ffcb53a9000 	C:\WINDOWS\System32\msvcrt.dll
0x00007ffcb64f0000 - 0x00007ffcb651b000 	C:\WINDOWS\System32\GDI32.dll
0x00007ffcb4200000 - 0x00007ffcb432c000 	C:\WINDOWS\System32\gdi32full.dll
0x00007ffcb4930000 - 0x00007ffcb49d3000 	C:\WINDOWS\System32\msvcp_win.dll
0x00007ffcb6040000 - 0x00007ffcb6071000 	C:\WINDOWS\System32\IMM32.DLL
0x00007ffcb0350000 - 0x00007ffcb035c000 	c:\Users\nitin\.vscode\extensions\redhat.java-1.47.0-win32-x64\jre\21.0.8-win32-x86_64\bin\vcruntime140_1.dll
0x00007ffc942d0000 - 0x00007ffc9435d000 	c:\Users\nitin\.vscode\extensions\redhat.java-1.47.0-win32-x64\jre\21.0.8-win32-x86_64\bin\msvcp140.dll
0x00007ffc59570000 - 0x00007ffc5a307000 	c:\Users\nitin\.vscode\extensions\redhat.java-1.47.0-win32-x64\jre\21.0.8-win32-x86_64\bin\server\jvm.dll
0x00007ffcb6890000 - 0x00007ffcb6944000 	C:\WINDOWS\System32\ADVAPI32.dll
0x00007ffcb53c0000 - 0x00007ffcb5466000 	C:\WINDOWS\System32\sechost.dll
0x00007ffcb65b0000 - 0x00007ffcb66c8000 	C:\WINDOWS\System32\RPCRT4.dll
0x00007ffcb6520000 - 0x00007ffcb6594000 	C:\WINDOWS\System32\WS2_32.dll
0x00007ffcb3d90000 - 0x00007ffcb3dee000 	C:\WINDOWS\SYSTEM32\POWRPROF.dll
0x00007ffcac320000 - 0x00007ffcac355000 	C:\WINDOWS\SYSTEM32\WINMM.dll
0x00007ffcac990000 - 0x00007ffcac99b000 	C:\WINDOWS\SYSTEM32\VERSION.dll
0x00007ffcb3d50000 - 0x00007ffcb3d64000 	C:\WINDOWS\SYSTEM32\UMPDC.dll
0x00007ffcb2cd0000 - 0x00007ffcb2ceb000 	C:\WINDOWS\SYSTEM32\kernel.appcore.dll
0x00007ffca7760000 - 0x00007ffca776a000 	c:\Users\nitin\.vscode\extensions\redhat.java-1.47.0-win32-x64\jre\21.0.8-win32-x86_64\bin\jimage.dll
0x00007ffcb15c0000 - 0x00007ffcb1802000 	C:\WINDOWS\SYSTEM32\DBGHELP.DLL
0x00007ffcb6080000 - 0x00007ffcb640b000 	C:\WINDOWS\System32\combase.dll
0x00007ffcb4b60000 - 0x00007ffcb4c37000 	C:\WINDOWS\System32\OLEAUT32.dll
0x00007ffc8d120000 - 0x00007ffc8d15c000 	C:\WINDOWS\SYSTEM32\dbgcore.DLL
0x00007ffcb4880000 - 0x00007ffcb4925000 	C:\WINDOWS\System32\bcryptPrimitives.dll
0x00007ffcb03e0000 - 0x00007ffcb03ef000 	c:\Users\nitin\.vscode\extensions\redhat.java-1.47.0-win32-x64\jre\21.0.8-win32-x86_64\bin\instrument.dll
0x00007ffc9f550000 - 0x00007ffc9f56f000 	c:\Users\nitin\.vscode\extensions\redhat.java-1.47.0-win32-x64\jre\21.0.8-win32-x86_64\bin\java.dll
0x00007ffcb5810000 - 0x00007ffcb5f61000 	C:\WINDOWS\System32\SHELL32.dll
0x00007ffcb3fd0000 - 0x00007ffcb413b000 	C:\WINDOWS\System32\wintypes.dll
0x00007ffcb1b00000 - 0x00007ffcb235d000 	C:\WINDOWS\SYSTEM32\windows.storage.dll
0x00007ffcb6790000 - 0x00007ffcb6882000 	C:\WINDOWS\System32\SHCORE.dll
0x00007ffcb6a50000 - 0x00007ffcb6ab7000 	C:\WINDOWS\System32\shlwapi.dll
0x00007ffcb3e30000 - 0x00007ffcb3e59000 	C:\WINDOWS\SYSTEM32\profapi.dll
0x00007ffc9e4f0000 - 0x00007ffc9e508000 	c:\Users\nitin\.vscode\extensions\redhat.java-1.47.0-win32-x64\jre\21.0.8-win32-x86_64\bin\zip.dll
0x00007ffca6870000 - 0x00007ffca6880000 	C:\Users\nitin\.vscode\extensions\redhat.java-1.47.0-win32-x64\jre\21.0.8-win32-x86_64\bin\net.dll
0x00007ffcacad0000 - 0x00007ffcacbf8000 	C:\WINDOWS\SYSTEM32\WINHTTP.dll
0x00007ffcb3240000 - 0x00007ffcb32ab000 	C:\WINDOWS\system32\mswsock.dll
0x00007ffc9d660000 - 0x00007ffc9d676000 	C:\Users\nitin\.vscode\extensions\redhat.java-1.47.0-win32-x64\jre\21.0.8-win32-x86_64\bin\nio.dll
0x00007ffcb03b0000 - 0x00007ffcb03c0000 	c:\Users\nitin\.vscode\extensions\redhat.java-1.47.0-win32-x64\jre\21.0.8-win32-x86_64\bin\verify.dll
0x00007ffc9d5d0000 - 0x00007ffc9d614000 	C:\Users\nitin\AppData\Roaming\Code\User\globalStorage\redhat.java\1.47.0\config_win\org.eclipse.equinox.launcher\org.eclipse.equinox.launcher.win32.win32.x86_64_1.2.1400.v20250801-0854\eclipse_11916.dll
0x00007ffcb5670000 - 0x00007ffcb5807000 	C:\WINDOWS\System32\ole32.dll
0x00007ffcb3500000 - 0x00007ffcb351b000 	C:\WINDOWS\SYSTEM32\CRYPTSP.dll
0x00007ffcb2c30000 - 0x00007ffcb2c6a000 	C:\WINDOWS\system32\rsaenh.dll
0x00007ffcb32f0000 - 0x00007ffcb331b000 	C:\WINDOWS\SYSTEM32\USERENV.dll
0x00007ffcb3e00000 - 0x00007ffcb3e2a000 	C:\WINDOWS\SYSTEM32\bcrypt.dll
0x00007ffcb3520000 - 0x00007ffcb352c000 	C:\WINDOWS\SYSTEM32\CRYPTBASE.dll
0x00007ffcb26e0000 - 0x00007ffcb2714000 	C:\WINDOWS\SYSTEM32\IPHLPAPI.DLL
0x00007ffcb64e0000 - 0x00007ffcb64ea000 	C:\WINDOWS\System32\NSI.dll
0x00007ffc9d530000 - 0x00007ffc9d579000 	C:\Users\nitin\AppData\Local\Temp\jna-104830206\jna7123086725974124028.dll
0x00007ffcb53b0000 - 0x00007ffcb53b8000 	C:\WINDOWS\System32\PSAPI.DLL
0x00007ffcae120000 - 0x00007ffcae13e000 	C:\WINDOWS\SYSTEM32\dhcpcsvc6.DLL
0x00007ffcae080000 - 0x00007ffcae0a3000 	C:\WINDOWS\SYSTEM32\dhcpcsvc.DLL

JVMTI agents:
c:\Users\nitin\.vscode\extensions\redhat.java-1.47.0-win32-x64\lombok\lombok-1.18.39-4050.jar path:c:\Users\nitin\.vscode\extensions\redhat.java-1.47.0-win32-x64\jre\21.0.8-win32-x86_64\bin\instrument.dll, loaded, initialized, instrumentlib options:none

dbghelp: loaded successfully - version: 4.0.5 - missing functions: none
symbol engine: initialized successfully - sym options: 0x614 - pdb path: .;c:\Users\nitin\.vscode\extensions\redhat.java-1.47.0-win32-x64\jre\21.0.8-win32-x86_64\bin;C:\WINDOWS\SYSTEM32;C:\WINDOWS\WinSxS\amd64_microsoft.windows.common-controls_6595b64144ccf1df_6.0.26100.7019_none_3e06ffa0e335b8a8;c:\Users\nitin\.vscode\extensions\redhat.java-1.47.0-win32-x64\jre\21.0.8-win32-x86_64\bin\server;C:\Users\nitin\AppData\Roaming\Code\User\globalStorage\redhat.java\1.47.0\config_win\org.eclipse.equinox.launcher\org.eclipse.equinox.launcher.win32.win32.x86_64_1.2.1400.v20250801-0854;C:\Users\nitin\AppData\Local\Temp\jna-104830206

VM Arguments:
jvm_args: --add-modules=ALL-SYSTEM --add-opens=java.base/java.util=ALL-UNNAMED --add-opens=java.base/java.lang=ALL-UNNAMED --add-opens=java.base/sun.nio.fs=ALL-UNNAMED -Declipse.application=org.eclipse.jdt.ls.core.id1 -Dosgi.bundles.defaultStartLevel=4 -Declipse.product=org.eclipse.jdt.ls.core.product -Djava.import.generatesMetadataFilesAtProjectRoot=false -DDetectVMInstallationsJob.disabled=true -Dfile.encoding=utf8 -XX:+UseParallelGC -XX:GCTimeRatio=4 -XX:AdaptiveSizePolicyWeight=90 -Dsun.zip.disableMemoryMapping=true -Xmx2G -Xms100m -Xlog:disable -javaagent:c:\Users\nitin\.vscode\extensions\redhat.java-1.47.0-win32-x64\lombok\lombok-1.18.39-4050.jar -XX:+HeapDumpOnOutOfMemoryError -XX:HeapDumpPath=c:\Users\nitin\AppData\Roaming\Code\User\workspaceStorage\a7ff0c23c26e00c27283d9f2705d0447\redhat.java -Daether.dependencyCollector.impl=bf 
java_command: c:\Users\nitin\.vscode\extensions\redhat.java-1.47.0-win32-x64\server\plugins\org.eclipse.equinox.launcher_1.7.100.v20251014-1222.jar -configuration c:\Users\nitin\AppData\Roaming\Code\User\globalStorage\redhat.java\1.47.0\config_win -data c:\Users\nitin\AppData\Roaming\Code\User\workspaceStorage\a7ff0c23c26e00c27283d9f2705d0447\redhat.java\jdt_ws --pipe=\\.\pipe\lsp-9c4c3c94eb5d3bf8f7e74d52c7009fa8-sock
java_class_path (initial): c:\Users\nitin\.vscode\extensions\redhat.java-1.47.0-win32-x64\server\plugins\org.eclipse.equinox.launcher_1.7.100.v20251014-1222.jar
Launcher Type: SUN_STANDARD

[Global flags]
    uintx AdaptiveSizePolicyWeight                 = 90                                        {product} {command line}
     intx CICompilerCount                          = 4                                         {product} {ergonomic}
    uintx GCTimeRatio                              = 4                                         {product} {command line}
     bool HeapDumpOnOutOfMemoryError               = true                                   {manageable} {command line}
    ccstr HeapDumpPath                             = c:\Users\nitin\AppData\Roaming\Code\User\workspaceStorage\a7ff0c23c26e00c27283d9f2705d0447\redhat.java         {manageable} {command line}
   size_t InitialHeapSize                          = 104857600                                 {product} {command line}
   size_t MaxHeapSize                              = 2147483648                                {product} {command line}
   size_t MaxNewSize                               = 715653120                                 {product} {ergonomic}
   size_t MinHeapDeltaBytes                        = 524288                                    {product} {ergonomic}
   size_t MinHeapSize                              = 104857600                                 {product} {command line}
   size_t NewSize                                  = 34603008                                  {product} {ergonomic}
    uintx NonNMethodCodeHeapSize                   = 5839372                                {pd product} {ergonomic}
    uintx NonProfiledCodeHeapSize                  = 122909434                              {pd product} {ergonomic}
   size_t OldSize                                  = 70254592                                  {product} {ergonomic}
    uintx ProfiledCodeHeapSize                     = 122909434                              {pd product} {ergonomic}
    uintx ReservedCodeCacheSize                    = 251658240                              {pd product} {ergonomic}
     bool SegmentedCodeCache                       = true                                      {product} {ergonomic}
   size_t SoftMaxHeapSize                          = 2147483648                             {manageable} {ergonomic}
     bool UseCompressedOops                        = true                           {product lp64_product} {ergonomic}
     bool UseLargePagesIndividualAllocation        = false                                  {pd product} {ergonomic}
     bool UseParallelGC                            = true                                      {product} {command line}

Logging:
Log output configuration:
 #0: stdout all=off uptime,level,tags foldmultilines=false
 #1: stderr all=off uptime,level,tags foldmultilines=false

Environment Variables:
PATH=C:\Program Files\Common Files\Oracle\Java\javapath;C:\Windows\system32;C:\Windows;C:\Windows\System32\Wbem;C:\Windows\System32\WindowsPowerShell\v1.0\;C:\Windows\System32\OpenSSH\;C:\Program Files (x86)\NVIDIA Corporation\PhysX\Common;C:\Program Files\nodejs\;C:\WINDOWS\system32;C:\WINDOWS;C:\WINDOWS\System32\Wbem;C:\WINDOWS\System32\WindowsPowerShell\v1.0\;C:\WINDOWS\System32\OpenSSH\;C:\Program Files\Git\cmd;C:\Program Files\NVIDIA Corporation\NVIDIA App\NvDLISR;C:\Program Files (x86)\ASUS\ASUS Secure Auto-Backup\2.0.9.6\;C:\Users\nitin\AppData\Local\Android\Sdk\tools;C:\Users\nitin\AppData\Local\Android\Sdk\tools;C:\Users\nitin\AppData\Local\Microsoft\WindowsApps;C:\Users\nitin\AppData\Roaming\npm;C:\Users\nitin\AppData\Local\Programs\Microsoft VS Code\bin;C:\Users\nitin\AppData\Local\Android\Sdk\platform-tools;
USERNAME=nitin
OS=Windows_NT
PROCESSOR_IDENTIFIER=AMD64 Family 25 Model 80 Stepping 0, AuthenticAMD
TMP=C:\Users\nitin\AppData\Local\Temp
TEMP=C:\Users\nitin\AppData\Local\Temp




Periodic native trim disabled

---------------  S Y S T E M  ---------------

OS:
 Windows 11 , 64 bit Build 26100 (10.0.26100.7019)
OS uptime: 2 days 21:48 hours
Hyper-V role detected

CPU: total 12 (initial active 12) (12 cores per cpu, 2 threads per core) family 25 model 80 stepping 0 microcode 0xa50000d, cx8, cmov, fxsr, ht, mmx, 3dnowpref, sse, sse2, sse3, ssse3, sse4a, sse4.1, sse4.2, popcnt, lzcnt, tsc, tscinvbit, avx, avx2, aes, erms, clmul, bmi1, bmi2, adx, sha, fma, vzeroupper, clflush, clflushopt, hv, rdtscp, rdpid, fsrm, f16c, cet_ss
Processor Information for the first 12 processors :
  Max Mhz: 3301, Current Mhz: 3301, Mhz Limit: 3301

Memory: 4k page, system-wide physical 7581M (514M free)
TotalPageFile size 29581M (AvailPageFile size 9M)
current process WorkingSet (physical memory assigned to process): 221M, peak: 227M
current process commit charge ("private bytes"): 338M, peak: 343M

vm_info: OpenJDK 64-Bit Server VM (21.0.8+9-LTS) for windows-amd64 JRE (21.0.8+9-LTS), built on 2025-07-15T00:00:00Z by "admin" with MS VC++ 17.7 (VS2022)

END.
